2024-12-28 00:08:14,262 [INFO] Activator:176 - 


2024-12-28 00:08:14,265 [INFO] Activator:177 - !SESSION log4j initialized
2024-12-28 00:08:23,758 [INFO] LogOutputStream:77 - [STDOUT_REDIRECT] 
2024-12-28 00:08:29,487 [INFO] ApplicationProperties:184 - Using Application install path: /opt/st/stm32cubeide_1.16.0/plugins/com.st.stm32cube.common.mx_6.12.0.202406281431
2024-12-28 00:08:29,681 [INFO] DbMcusXml:78 - Set database path to: /opt/st/stm32cubeide_1.16.0/plugins/com.st.stm32cube.common.mx_6.12.0.202406281431//db//mcu/
2024-12-28 00:08:29,682 [INFO] ApiDb:274 - Set plugin database path to: /opt/st/stm32cubeide_1.16.0/plugins/com.st.stm32cube.common.mx_6.12.0.202406281431//db//plugins/boardmanager/
2024-12-28 00:08:29,682 [WARN] ApiDb:259 - Overriding images path with different value:  => /opt/st/stm32cubeide_1.16.0/plugins/com.st.stm32cube.common.mx_6.12.0.202406281431//db//plugins/mcufinder/images/
2024-12-28 00:08:29,879 [INFO] ApiDb:250 - Set database path to: /home/sunbeam/.stmcufinder/plugins/mcufinder//mcu/
2024-12-28 00:08:29,881 [INFO] DbMcusAds:125 - Set database path to: /home/sunbeam/.stmcufinder/plugins/mcufinder//mcu/
2024-12-28 00:08:29,885 [INFO] CrossReferenceDbSqlite:203 - Set database path to: /home/sunbeam/.stmcufinder/plugins/mcufinder//mcu/cs/
2024-12-28 00:08:30,326 [INFO] RulesReader:64 - Compatibility file has been processed (297 Rules)
2024-12-28 00:08:30,714 [INFO] DbMcusXml:78 - Set database path to: /opt/st/stm32cubeide_1.16.0/plugins/com.st.stm32cube.common.mx_6.12.0.202406281431//db//mcu/
2024-12-28 00:08:30,714 [INFO] ApiDb:274 - Set plugin database path to: /opt/st/stm32cubeide_1.16.0/plugins/com.st.stm32cube.common.mx_6.12.0.202406281431//db//plugins/boardmanager/
2024-12-28 00:08:30,714 [INFO] ApiDb:261 - Set plugin images path to: /opt/st/stm32cubeide_1.16.0/plugins/com.st.stm32cube.common.mx_6.12.0.202406281431//db//plugins/mcufinder/images/
2024-12-28 00:08:30,715 [WARN] DbFile:41 - Overriding database path with different value: /home/sunbeam/.stmcufinder/plugins/mcufinder/ => /home/sunbeam/.stmcufinder/plugins/mcufinder
2024-12-28 00:08:30,715 [INFO] ApiDb:250 - Set database path to: /home/sunbeam/.stmcufinder/plugins/mcufinder//mcu/
2024-12-28 00:08:30,715 [WARN] DbFile:41 - Overriding database path with different value: /home/sunbeam/.stmcufinder/plugins/mcufinder/ => /home/sunbeam/.stmcufinder/plugins/mcufinder
2024-12-28 00:08:30,715 [INFO] DbMcusAds:125 - Set database path to: /home/sunbeam/.stmcufinder/plugins/mcufinder//mcu/
2024-12-28 00:08:30,715 [WARN] DbFile:41 - Overriding database path with different value: /home/sunbeam/.stmcufinder/plugins/mcufinder/ => /home/sunbeam/.stmcufinder/plugins/mcufinder
2024-12-28 00:08:30,716 [WARN] DbFile:41 - Overriding database path with different value: /home/sunbeam/.stmcufinder/plugins/mcufinder/ => /home/sunbeam/.stmcufinder/plugins/mcufinder
2024-12-28 00:08:30,716 [INFO] CrossReferenceDbSqlite:203 - Set database path to: /home/sunbeam/.stmcufinder/plugins/mcufinder//mcu/cs/
2024-12-28 00:08:31,310 [INFO] MainPanel:268 - HeapMemory: 268435456
2024-12-28 00:08:33,885 [INFO] DbMcusXml:78 - Set database path to: /opt/st/stm32cubeide_1.16.0/plugins/com.st.stm32cube.common.mx_6.12.0.202406281431//db//mcu/
2024-12-28 00:08:33,886 [INFO] ApiDb:274 - Set plugin database path to: /opt/st/stm32cubeide_1.16.0/plugins/com.st.stm32cube.common.mx_6.12.0.202406281431//db//plugins/boardmanager/
2024-12-28 00:08:33,886 [INFO] ApiDb:261 - Set plugin images path to: /opt/st/stm32cubeide_1.16.0/plugins/com.st.stm32cube.common.mx_6.12.0.202406281431//db//plugins/mcufinder/images/
2024-12-28 00:08:33,886 [WARN] DbFile:41 - Overriding database path with different value: /home/sunbeam/.stmcufinder/plugins/mcufinder/ => /home/sunbeam/.stmcufinder/plugins/mcufinder
2024-12-28 00:08:33,887 [INFO] ApiDb:250 - Set database path to: /home/sunbeam/.stmcufinder/plugins/mcufinder//mcu/
2024-12-28 00:08:33,887 [WARN] DbFile:41 - Overriding database path with different value: /home/sunbeam/.stmcufinder/plugins/mcufinder/ => /home/sunbeam/.stmcufinder/plugins/mcufinder
2024-12-28 00:08:33,887 [INFO] DbMcusAds:125 - Set database path to: /home/sunbeam/.stmcufinder/plugins/mcufinder//mcu/
2024-12-28 00:08:33,887 [WARN] DbFile:41 - Overriding database path with different value: /home/sunbeam/.stmcufinder/plugins/mcufinder/ => /home/sunbeam/.stmcufinder/plugins/mcufinder
2024-12-28 00:08:33,887 [WARN] DbFile:41 - Overriding database path with different value: /home/sunbeam/.stmcufinder/plugins/mcufinder/ => /home/sunbeam/.stmcufinder/plugins/mcufinder
2024-12-28 00:08:33,887 [INFO] CrossReferenceDbSqlite:203 - Set database path to: /home/sunbeam/.stmcufinder/plugins/mcufinder//mcu/cs/
2024-12-28 00:08:34,018 [INFO] ApplicationProperties:184 - Using Application install path: /opt/st/stm32cubeide_1.16.0/plugins/com.st.stm32cube.common.mx_6.12.0.202406281431
2024-12-28 00:08:34,021 [INFO] PluginManage:196 - Search for loadable plugins [exclusion list=, ]
2024-12-28 00:08:34,054 [INFO] PluginManage:310 - Check plugin analytics
2024-12-28 00:08:34,473 [INFO] AnalyticsPlugin:253 - Accepted Software Licenses: 
2024-12-28 00:08:34,474 [INFO] AnalyticsPlugin:255 - Accepted CMSIS Pack Licenses: 
2024-12-28 00:08:34,474 [INFO] AnalyticsPlugin:257 - Accepted Firmware Licenses: FW.F4.1.27.0,FW.F4.1.28.0
2024-12-28 00:08:34,479 [INFO] PluginManage:359 - Loaded plugin analytics (category:tool,tabindex:-1)
2024-12-28 00:08:34,479 [INFO] PluginManage:310 - Check plugin cadmodel
2024-12-28 00:08:34,569 [INFO] CADModel:105 - Init CAD model plugin
2024-12-28 00:08:34,570 [INFO] PluginManage:359 - Loaded plugin cadmodel (category:power,tabindex:5)
2024-12-28 00:08:34,570 [INFO] PluginManage:310 - Check plugin clock
2024-12-28 00:08:34,626 [INFO] PluginManage:359 - Loaded plugin clock (category:base,tabindex:2)
2024-12-28 00:08:34,627 [INFO] PluginManage:310 - Check plugin ddr
2024-12-28 00:08:35,040 [INFO] PluginManage:359 - Loaded plugin ddr (category:tool,tabindex:6)
2024-12-28 00:08:35,041 [INFO] PluginManage:310 - Check plugin filemanager
2024-12-28 00:08:35,564 [INFO] PluginManage:359 - Loaded plugin filemanager (category:base,tabindex:10)
2024-12-28 00:08:35,565 [INFO] PluginManage:310 - Check plugin ipmanager
2024-12-28 00:08:35,618 [INFO] PluginManage:359 - Loaded plugin ipmanager (category:base,tabindex:5)
2024-12-28 00:08:35,618 [INFO] PluginManage:310 - Check plugin lpbam
2024-12-28 00:08:35,662 [INFO] PluginManage:359 - Loaded plugin lpbam (category:base,tabindex:0)
2024-12-28 00:08:35,662 [INFO] PluginManage:310 - Check plugin memorymap
2024-12-28 00:08:36,223 [INFO] PluginManage:359 - Loaded plugin memorymap (category:base,tabindex:4)
2024-12-28 00:08:36,223 [INFO] PluginManage:310 - Check plugin pinoutandconfiguration
2024-12-28 00:08:36,392 [INFO] PluginManage:359 - Loaded plugin pinoutandconfiguration (category:base,tabindex:1)
2024-12-28 00:08:36,393 [INFO] PluginManage:310 - Check plugin pinoutconfig
2024-12-28 00:08:36,676 [WARN] SupportedApi:132 - Cannot load RTOS API schema: s4s-elt-must-match.1: The content of 'definitions' must match (annotation?, (simpleType | complexType)?, (unique | key | keyref)*)). A problem was found starting at: attribute.
2024-12-28 00:08:38,712 [INFO] PluginManage:359 - Loaded plugin pinoutconfig (category:base,tabindex:0)
2024-12-28 00:08:38,712 [INFO] PluginManage:310 - Check plugin power
2024-12-28 00:08:39,100 [INFO] PluginManage:359 - Loaded plugin power (category:power,tabindex:4)
2024-12-28 00:08:39,101 [INFO] PluginManage:310 - Check plugin projectmanager
2024-12-28 00:08:39,272 [INFO] PluginManage:359 - Loaded plugin projectmanager (category:projectmanager,tabindex:4)
2024-12-28 00:08:39,272 [INFO] PluginManage:310 - Check plugin rif
2024-12-28 00:08:39,500 [INFO] PluginManage:359 - Loaded plugin rif (category:base,tabindex:3)
2024-12-28 00:08:39,500 [INFO] PluginManage:310 - Check plugin thirdparty
2024-12-28 00:08:40,122 [INFO] PluginManage:359 - Loaded plugin thirdparty (category:base,tabindex:-1)
2024-12-28 00:08:40,121 [WARN] IntegrityCheckThread:84 - waiting for thirdparty lock release [integrity check]
2024-12-28 00:08:40,122 [INFO] PluginManage:310 - Check plugin tools
2024-12-28 00:08:40,122 [INFO] IntegrityCheckThread:86 - entering critical section [integrity check]
2024-12-28 00:08:40,123 [INFO] ThirdPartyUpdaterWithRetryManager:70 - Updater plugin not ready yet. [1/15]
2024-12-28 00:08:40,155 [INFO] PluginManage:359 - Loaded plugin tools (category:base,tabindex:7)
2024-12-28 00:08:40,155 [INFO] PluginManage:310 - Check plugin tutovideos
2024-12-28 00:08:40,983 [INFO] PluginManage:359 - Loaded plugin tutovideos (category:base,tabindex:-1)
2024-12-28 00:08:40,984 [INFO] PluginManage:310 - Check plugin updater
2024-12-28 00:08:41,031 [INFO] PluginManage:359 - Loaded plugin updater (category:base,tabindex:12)
2024-12-28 00:08:41,031 [INFO] PluginManage:310 - Check plugin userauth
2024-12-28 00:08:41,075 [INFO] UserAuth:113 - Init User Auth plugin
2024-12-28 00:08:41,075 [INFO] PluginManage:359 - Loaded plugin userauth (category:base,tabindex:14)
2024-12-28 00:08:41,076 [INFO] PluginManage:283 - PluginManage : Loaded plugins [18]
2024-12-28 00:08:41,989 [INFO] PinOutPanel:1561 - setPackage(No Configuration,No Configuration)
2024-12-28 00:08:42,302 [INFO] CADModel:165 - CPN selected for project level
2024-12-28 00:08:42,302 [INFO] CADModel:114 - Register for checkConnection events
2024-12-28 00:08:42,362 [INFO] IPUIPlugin:80 - create IPUIPlugin
2024-12-28 00:08:42,362 [INFO] PluginManager:220 - loadIPPluginJar : add stm32_wpan
2024-12-28 00:08:42,395 [INFO] IPUIPlugin:80 - create IPUIPlugin
2024-12-28 00:08:42,395 [INFO] PluginManager:220 - loadIPPluginJar : add ipddr
2024-12-28 00:08:42,398 [INFO] IPUIPlugin:80 - create IPUIPlugin
2024-12-28 00:08:42,398 [INFO] PluginManager:220 - loadIPPluginJar : add radio
2024-12-28 00:08:42,430 [INFO] IPUIPlugin:80 - create IPUIPlugin
2024-12-28 00:08:42,430 [INFO] PluginManager:220 - loadIPPluginJar : add extmemmanager
2024-12-28 00:08:42,471 [INFO] IPUIPlugin:80 - create IPUIPlugin
2024-12-28 00:08:42,472 [INFO] PluginManager:220 - loadIPPluginJar : add touchsensing
2024-12-28 00:08:42,478 [INFO] IPUIPlugin:80 - create IPUIPlugin
2024-12-28 00:08:42,478 [INFO] PluginManager:220 - loadIPPluginJar : add aes
2024-12-28 00:08:42,482 [INFO] IPUIPlugin:80 - create IPUIPlugin
2024-12-28 00:08:42,482 [INFO] PluginManager:220 - loadIPPluginJar : add gtzc
2024-12-28 00:08:42,484 [INFO] IPUIPlugin:80 - create IPUIPlugin
2024-12-28 00:08:42,484 [INFO] PluginManager:220 - loadIPPluginJar : add tim
2024-12-28 00:08:42,488 [INFO] IPUIPlugin:80 - create IPUIPlugin
2024-12-28 00:08:42,489 [INFO] PluginManager:220 - loadIPPluginJar : add usbx
2024-12-28 00:08:42,491 [INFO] IPUIPlugin:80 - create IPUIPlugin
2024-12-28 00:08:42,491 [INFO] PluginManager:220 - loadIPPluginJar : add comp
2024-12-28 00:08:42,499 [INFO] IPUIPlugin:80 - create IPUIPlugin
2024-12-28 00:08:42,500 [INFO] PluginManager:220 - loadIPPluginJar : add gic
2024-12-28 00:08:42,503 [INFO] IPUIPlugin:80 - create IPUIPlugin
2024-12-28 00:08:42,503 [INFO] PluginManager:220 - loadIPPluginJar : add ts
2024-12-28 00:08:42,536 [INFO] IPUIPlugin:80 - create IPUIPlugin
2024-12-28 00:08:42,539 [INFO] PluginManager:220 - loadIPPluginJar : add plateformsettings
2024-12-28 00:08:42,545 [INFO] IPUIPlugin:80 - create IPUIPlugin
2024-12-28 00:08:42,546 [INFO] PluginManager:220 - loadIPPluginJar : add opamp
2024-12-28 00:08:42,579 [INFO] IPUIPlugin:80 - create IPUIPlugin
2024-12-28 00:08:42,579 [INFO] PluginManager:220 - loadIPPluginJar : add adc
2024-12-28 00:08:42,581 [INFO] IPUIPlugin:80 - create IPUIPlugin
2024-12-28 00:08:42,582 [INFO] PluginManager:220 - loadIPPluginJar : add quadspi
2024-12-28 00:08:42,584 [INFO] IPUIPlugin:80 - create IPUIPlugin
2024-12-28 00:08:42,585 [INFO] PluginManager:220 - loadIPPluginJar : add pdm2pcm
2024-12-28 00:08:42,587 [INFO] IPUIPlugin:80 - create IPUIPlugin
2024-12-28 00:08:42,587 [INFO] PluginManager:220 - loadIPPluginJar : add dfsdm
2024-12-28 00:08:42,589 [INFO] IPUIPlugin:80 - create IPUIPlugin
2024-12-28 00:08:42,589 [INFO] PluginManager:220 - loadIPPluginJar : add ltdc
2024-12-28 00:08:42,594 [INFO] IPUIPlugin:80 - create IPUIPlugin
2024-12-28 00:08:42,595 [INFO] PluginManager:220 - loadIPPluginJar : add i3c
2024-12-28 00:08:42,597 [INFO] IPUIPlugin:80 - create IPUIPlugin
2024-12-28 00:08:42,597 [INFO] PluginManager:220 - loadIPPluginJar : add i2s
2024-12-28 00:08:42,623 [INFO] IPUIPlugin:80 - create IPUIPlugin
2024-12-28 00:08:42,624 [INFO] PluginManager:220 - loadIPPluginJar : add freertos
2024-12-28 00:08:42,669 [INFO] IPUIPlugin:80 - create IPUIPlugin
2024-12-28 00:08:42,669 [INFO] PluginManager:220 - loadIPPluginJar : add gpio
2024-12-28 00:08:42,673 [INFO] IPUIPlugin:80 - create IPUIPlugin
2024-12-28 00:08:42,673 [INFO] PluginManager:220 - loadIPPluginJar : add can
2024-12-28 00:08:42,677 [INFO] IPUIPlugin:80 - create IPUIPlugin
2024-12-28 00:08:42,677 [INFO] PluginManager:220 - loadIPPluginJar : add fatfs
2024-12-28 00:08:42,680 [INFO] IPUIPlugin:80 - create IPUIPlugin
2024-12-28 00:08:42,680 [INFO] PluginManager:220 - loadIPPluginJar : add tsc
2024-12-28 00:08:42,684 [INFO] IPUIPlugin:80 - create IPUIPlugin
2024-12-28 00:08:42,684 [INFO] PluginManager:220 - loadIPPluginJar : add usart
2024-12-28 00:08:42,688 [INFO] IPUIPlugin:80 - create IPUIPlugin
2024-12-28 00:08:42,689 [INFO] PluginManager:220 - loadIPPluginJar : add openamp
2024-12-28 00:08:42,728 [INFO] IPUIPlugin:80 - create IPUIPlugin
2024-12-28 00:08:42,729 [INFO] PluginManager:220 - loadIPPluginJar : add nvic
2024-12-28 00:08:42,736 [INFO] IPUIPlugin:80 - create IPUIPlugin
2024-12-28 00:08:42,736 [INFO] PluginManager:220 - loadIPPluginJar : add linkedlist
2024-12-28 00:08:42,739 [INFO] IPUIPlugin:80 - create IPUIPlugin
2024-12-28 00:08:42,739 [INFO] PluginManager:220 - loadIPPluginJar : add ucpd
2024-12-28 00:08:42,744 [INFO] IPUIPlugin:80 - create IPUIPlugin
2024-12-28 00:08:42,744 [INFO] PluginManager:220 - loadIPPluginJar : add i2c
2024-12-28 00:08:42,746 [INFO] IPUIPlugin:80 - create IPUIPlugin
2024-12-28 00:08:42,746 [INFO] PluginManager:220 - loadIPPluginJar : add hash
2024-12-28 00:08:42,748 [INFO] IPUIPlugin:80 - create IPUIPlugin
2024-12-28 00:08:42,748 [INFO] PluginManager:220 - loadIPPluginJar : add genericplugin
2024-12-28 00:08:42,770 [INFO] IPUIPlugin:80 - create IPUIPlugin
2024-12-28 00:08:42,770 [INFO] PluginManager:220 - loadIPPluginJar : add mdma
2024-12-28 00:08:42,787 [INFO] IPUIPlugin:80 - create IPUIPlugin
2024-12-28 00:08:42,787 [INFO] PluginManager:220 - loadIPPluginJar : add resmgrutility
2024-12-28 00:08:42,829 [INFO] IPUIPlugin:80 - create IPUIPlugin
2024-12-28 00:08:42,829 [INFO] PluginManager:220 - loadIPPluginJar : add dma
2024-12-28 00:08:42,833 [INFO] IPUIPlugin:80 - create IPUIPlugin
2024-12-28 00:08:42,833 [INFO] PluginManager:220 - loadIPPluginJar : add sai
2024-12-28 00:08:42,839 [INFO] IPUIPlugin:80 - create IPUIPlugin
2024-12-28 00:08:42,839 [INFO] PluginManager:220 - loadIPPluginJar : add fmc
2024-12-28 00:08:42,845 [INFO] IPUIPlugin:80 - create IPUIPlugin
2024-12-28 00:08:42,845 [INFO] PluginManager:220 - loadIPPluginJar : add lorawan
2024-12-28 00:08:42,848 [INFO] IPUIPlugin:80 - create IPUIPlugin
2024-12-28 00:08:42,849 [INFO] PluginManager:220 - loadIPPluginJar : add gfxmmu
2024-12-28 00:08:42,852 [INFO] IPUIPlugin:80 - create IPUIPlugin
2024-12-28 00:08:42,852 [INFO] PluginManager:220 - loadIPPluginJar : add spi
2024-12-28 00:08:42,871 [INFO] IPUIPlugin:80 - create IPUIPlugin
2024-12-28 00:08:42,871 [INFO] PluginManager:220 - loadIPPluginJar : add ddr_ctrl_phy
2024-12-28 00:08:42,876 [INFO] IPUIPlugin:80 - create IPUIPlugin
2024-12-28 00:08:42,877 [INFO] PluginManager:220 - loadIPPluginJar : add cryp
2024-12-28 00:08:42,879 [INFO] IPUIPlugin:80 - create IPUIPlugin
2024-12-28 00:08:42,880 [INFO] PluginManager:220 - loadIPPluginJar : add tracer_emb
2024-12-28 00:08:42,883 [INFO] IPUIPlugin:80 - create IPUIPlugin
2024-12-28 00:08:42,884 [INFO] PluginManager:220 - loadIPPluginJar : add dma3
2024-12-28 00:08:43,030 [INFO] CADModel:165 - CPN selected for project level
2024-12-28 00:08:43,030 [INFO] CADModel:114 - Register for checkConnection events
2024-12-28 00:08:43,030 [FATAL] Updater:334 - Updater called before beeing initialized
2024-12-28 00:08:43,031 [ERROR] CADModel:125 - Updater not yet initialized, retry later 
2024-12-28 00:08:43,123 [INFO] ThirdPartyUpdaterWithRetryManager:70 - Updater plugin not ready yet. [2/15]
2024-12-28 00:08:43,359 [INFO] CADModel:165 - CPN selected for project level
2024-12-28 00:08:43,359 [INFO] CADModel:114 - Register for checkConnection events
2024-12-28 00:08:43,360 [FATAL] Updater:334 - Updater called before beeing initialized
2024-12-28 00:08:43,360 [ERROR] CADModel:125 - Updater not yet initialized, retry later 
2024-12-28 00:08:43,365 [FATAL] Updater:334 - Updater called before beeing initialized
2024-12-28 00:08:43,544 [FATAL] Updater:334 - Updater called before beeing initialized
2024-12-28 00:08:43,567 [INFO] DbMcusAds:53 - JSON generation date=Fri Sep 20 18:34:23 IST 2024 (1726837463113)
2024-12-28 00:08:43,567 [FATAL] Updater:334 - Updater called before beeing initialized
2024-12-28 00:08:43,769 [WARN] DetailPanel:346 - Failed to get advertising image, set to default
2024-12-28 00:08:44,031 [FATAL] Updater:334 - Updater called before beeing initialized
2024-12-28 00:08:44,041 [FATAL] Updater:334 - Updater called before beeing initialized
2024-12-28 00:08:44,041 [FATAL] Updater:334 - Updater called before beeing initialized
2024-12-28 00:08:44,042 [WARN] DetailPanel:346 - Failed to get advertising image, set to default
2024-12-28 00:08:44,043 [FATAL] Updater:334 - Updater called before beeing initialized
2024-12-28 00:08:44,148 [ERROR] Updater:1164 - MainUpdater not yet initialized. External WinMGr cannot be set.
2024-12-28 00:08:44,153 [INFO] Updater:1100 - Updater Version found : 6.12.0
2024-12-28 00:08:44,213 [INFO] ApplicationProperties:184 - Using Application install path: /opt/st/stm32cubeide_1.16.0/plugins/com.st.stm32cube.common.mx_6.12.0.202406281431
2024-12-28 00:08:45,004 [INFO] MainUpdater:2873 - connection check result : 10
2024-12-28 00:08:45,006 [INFO] MainUpdater:3567 - Updater definition file requires update
2024-12-28 00:08:45,008 [INFO] MainUpdater:290 - Updater Check For Update Now.
2024-12-28 00:08:45,010 [INFO] MicroXplorer:498 - Change Database Version : DB.6.0.120
2024-12-28 00:08:45,025 [INFO] McuFinderGlobals:63 - Set McuFinder mode to 2 (CubeIDE integrated)
2024-12-28 00:08:45,043 [INFO] UserAuth:417 - Internet connection configuration mode: 1
2024-12-28 00:08:45,071 [INFO] ServerAccessManage:473 - Download File updaters.zip
2024-12-28 00:08:45,208 [INFO] JxBrowserEngine:152 - Initiate JxBrowser Engine with user profile folder
2024-12-28 00:08:45,272 [INFO] FileExtend:240 - Unzip File : updaters.zip
2024-12-28 00:08:45,273 [INFO] FileExtend:255 - Standard Zip Deflate
2024-12-28 00:08:45,651 [INFO] ServerAccessManage:473 - Download File PacksControlFlags.xml
2024-12-28 00:08:45,827 [INFO] ServerAccessManage:473 - Download File cubemx.pidx
2024-12-28 00:08:46,125 [WARN] MainUpdater:1194 - Updater busy. Cannot search thirdparties
2024-12-28 00:08:46,125 [INFO] ThirdPartyUpdaterWithRetryManager:96 - Updater plugin is busy. [1/15]
2024-12-28 00:08:46,883 [INFO] ServerAccessManage:473 - Download File STMicroelectronics.X-CUBE-BLEMGR.pdsc
2024-12-28 00:08:47,493 [ERROR] ServerAccessManage:1089 - Problem, file not found on Server
2024-12-28 00:08:48,416 [INFO] ServerAccessManage:473 - Download File STMicroelectronics.X-CUBE-FREERTOS.pdsc
2024-12-28 00:08:48,732 [INFO] ServerAccessManage:473 - Download File STMicroelectronics.X-CUBE-GNSS1.pdsc
2024-12-28 00:08:49,125 [WARN] MainUpdater:1194 - Updater busy. Cannot search thirdparties
2024-12-28 00:08:49,126 [INFO] ThirdPartyUpdaterWithRetryManager:96 - Updater plugin is busy. [2/15]
2024-12-28 00:08:49,746 [ERROR] ServerAccessManage:1089 - Problem, file not found on Server
2024-12-28 00:08:50,259 [ERROR] ServerAccessManage:1089 - Problem, file not found on Server
2024-12-28 00:08:50,770 [ERROR] ServerAccessManage:1089 - Problem, file not found on Server
2024-12-28 00:08:51,385 [ERROR] ServerAccessManage:1089 - Problem, file not found on Server
2024-12-28 00:08:51,590 [ERROR] ServerAccessManage:1089 - Problem, file not found on Server
2024-12-28 00:08:52,102 [ERROR] ServerAccessManage:1089 - Problem, file not found on Server
2024-12-28 00:08:52,127 [WARN] MainUpdater:1194 - Updater busy. Cannot search thirdparties
2024-12-28 00:08:52,127 [INFO] ThirdPartyUpdaterWithRetryManager:96 - Updater plugin is busy. [3/15]
2024-12-28 00:08:52,411 [INFO] ServerAccessManage:473 - Download File STMicroelectronics.X-CUBE-MEMS1.pdsc
2024-12-28 00:08:54,253 [INFO] ServerAccessManage:473 - Download File STMicroelectronics.X-CUBE-TCPP.pdsc
2024-12-28 00:08:55,128 [WARN] MainUpdater:1194 - Updater busy. Cannot search thirdparties
2024-12-28 00:08:55,128 [INFO] ThirdPartyUpdaterWithRetryManager:96 - Updater plugin is busy. [4/15]
2024-12-28 00:08:56,760 [INFO] CheckServerUpdateThread:120 - End of CheckServer Thread
2024-12-28 00:08:57,096 [WARN] PackLoader:240 - Cannot read IP mode file for STMicroelectronics.X-CUBE-BLEMGR.4.0.0
2024-12-28 00:08:57,123 [WARN] PackLoader:240 - Cannot read IP mode file for STMicroelectronics.X-CUBE-FREERTOS.1.3.0
2024-12-28 00:08:57,154 [WARN] PackLoader:240 - Cannot read IP mode file for STMicroelectronics.X-CUBE-GNSS1.7.0.1
2024-12-28 00:08:57,349 [WARN] PackLoader:240 - Cannot read IP mode file for STMicroelectronics.X-CUBE-MEMS1.11.1.0
2024-12-28 00:08:57,635 [WARN] PopulateThirdPartyThread:106 - Error when creating pack: /home/sunbeam/.stm32cubemx/thirdparties/pdsc/STMicroelectronics.X-CUBE-TCPP.pdsc
2024-12-28 00:08:57,635 [INFO] PopulateThirdPartyThread:66 - Ending populate Thread
2024-12-28 00:08:57,636 [INFO] ThirdParty:1030 - CMSIS Pack Vendor :STMicroelectronics X-CUBE-BLEMGR 4.0.0
2024-12-28 00:08:57,637 [INFO] ThirdParty:1030 - CMSIS Pack Vendor :STMicroelectronics X-CUBE-FREERTOS 1.3.0
2024-12-28 00:08:57,637 [INFO] ThirdParty:1030 - CMSIS Pack Vendor :STMicroelectronics X-CUBE-GNSS1 7.0.1
2024-12-28 00:08:57,637 [INFO] ThirdParty:1030 - CMSIS Pack Vendor :STMicroelectronics X-CUBE-MEMS1 11.1.0
2024-12-28 00:08:57,637 [INFO] LoadServerUpdatesThread:375 - End of LoadServerUpdate Thread
2024-12-28 00:09:06,670 [WARN] PackLoader:240 - Cannot read IP mode file for STMicroelectronics.FP-SNS-MOTENVWB1.1.4.0
2024-12-28 00:09:06,733 [WARN] PackLoader:240 - Cannot read IP mode file for STMicroelectronics.FP-ATR-ASTRA1.2.0.1
2024-12-28 00:09:06,803 [WARN] PackLoader:240 - Cannot read IP mode file for STMicroelectronics.X-CUBE-SMBUS.2.1.0
2024-12-28 00:09:06,902 [WARN] PackLoader:240 - Cannot read IP mode file for STMicroelectronics.X-CUBE-WB05N.1.1.0
2024-12-28 00:09:07,092 [WARN] PackLoader:240 - Cannot read IP mode file for STMicroelectronics.X-CUBE-AZRTOS-F7.1.1.0
2024-12-28 00:09:07,291 [WARN] PackLoader:240 - Cannot read IP mode file for STMicroelectronics.X-CUBE-MEMS1.11.0.0
2024-12-28 00:09:07,588 [WARN] PackLoader:240 - Cannot read IP mode file for STMicroelectronics.FP-SNS-FLIGHT1.5.0.2
2024-12-28 00:09:07,735 [WARN] PackLoader:240 - Cannot read IP mode file for STMicroelectronics.X-CUBE-DISPLAY.3.0.0
2024-12-28 00:09:07,871 [WARN] PackLoader:240 - Cannot read IP mode file for STMicroelectronics.X-CUBE-BLE1.7.0.0
2024-12-28 00:09:08,013 [WARN] PackLoader:240 - Cannot read IP mode file for STMicroelectronics.X-CUBE-NFC10.1.0.0
2024-12-28 00:09:08,027 [WARN] PackLoader:240 - Cannot read IP mode file for STMicroelectronics.X-CUBE-BLEMGR.4.0.0
2024-12-28 00:09:08,148 [WARN] PackLoader:240 - Cannot read IP mode file for emotas.I-CUBE-CANOPEN.1.3.0
2024-12-28 00:09:08,257 [WARN] PackLoader:240 - Cannot read IP mode file for STMicroelectronics.X-CUBE-BLEMGR.3.1.0
2024-12-28 00:09:08,345 [WARN] PackLoader:240 - Cannot read IP mode file for STMicroelectronics.FP-SNS-SMARTAG2.1.2.0
2024-12-28 00:09:08,455 [WARN] PackLoader:240 - Cannot read IP mode file for STMicroelectronics.X-CUBE-MEMS1.11.1.0
2024-12-28 00:09:08,859 [INFO] LogOutputStream:77 - [STDOUT_REDIRECT] 1 : Invalid condition id : UX_CORESTACK_Condition cause : null
2024-12-28 00:09:08,860 [INFO] LogOutputStream:77 - [STDOUT_REDIRECT] 1 : Invalid condition id : UX_CORESTACK_Condition cause : null
2024-12-28 00:09:08,861 [INFO] LogOutputStream:77 - [STDOUT_REDIRECT] 1 : Invalid condition id : UX_CORESTACK_Condition cause : null
2024-12-28 00:09:08,861 [INFO] LogOutputStream:77 - [STDOUT_REDIRECT] 1 : Invalid condition id : UX_CORESTACK_Condition cause : null
2024-12-28 00:09:08,862 [INFO] LogOutputStream:77 - [STDOUT_REDIRECT] 1 : Invalid condition id : UX_CORESTACK_Condition cause : null
2024-12-28 00:09:08,868 [WARN] PackLoader:240 - Cannot read IP mode file for STMicroelectronics.X-CUBE-AZRTOS-WL.2.0.0
2024-12-28 00:09:09,001 [WARN] PackLoader:240 - Cannot read IP mode file for STMicroelectronics.FP-SNS-MOTENV1.5.0.0
2024-12-28 00:09:09,120 [WARN] PackLoader:240 - Cannot read IP mode file for wolfSSL.I-CUBE-wolfMQTT.1.19.0
2024-12-28 00:09:09,229 [WARN] PackLoader:240 - Cannot read IP mode file for WES.I-CUBE-Cesium.1.3.0
2024-12-28 00:09:09,422 [WARN] PackLoader:240 - Cannot read IP mode file for STMicroelectronics.X-CUBE-BLE2.3.3.0
2024-12-28 00:09:09,604 [WARN] PackLoader:240 - Cannot read IP mode file for STMicroelectronics.X-CUBE-NFC9.1.0.0
2024-12-28 00:09:09,805 [WARN] PackLoader:240 - Cannot read IP mode file for STMicroelectronics.X-CUBE-TCPP.4.1.0
2024-12-28 00:09:10,103 [WARN] PackLoader:240 - Cannot read IP mode file for STMicroelectronics.X-CUBE-AZRTOS-G0.1.1.0
2024-12-28 00:09:10,296 [INFO] McuFinderGlobals:63 - Set McuFinder mode to 2 (CubeIDE integrated)
2024-12-28 00:09:10,304 [WARN] PackLoader:240 - Cannot read IP mode file for STMicroelectronics.X-CUBE-SAFEA1.1.2.2
2024-12-28 00:09:10,502 [WARN] PackLoader:240 - Cannot read IP mode file for STMicroelectronics.X-CUBE-NFC4.3.0.0
2024-12-28 00:09:10,590 [INFO] MainUpdater:2873 - connection check result : 10
2024-12-28 00:09:10,795 [WARN] PackLoader:240 - Cannot read IP mode file for EmbeddedOffice.I-CUBE-FS-RTOS.1.0.1
2024-12-28 00:09:10,796 [ERROR] ConditionMgr:805 - Attr not supported : Dmpu
2024-12-28 00:09:10,796 [ERROR] ConditionMgr:805 - Attr not supported : Dmpu
2024-12-28 00:09:10,796 [ERROR] ConditionMgr:805 - Attr not supported : Dmpu
2024-12-28 00:09:10,796 [ERROR] ConditionMgr:805 - Attr not supported : Dmpu
2024-12-28 00:09:10,796 [ERROR] ConditionMgr:805 - Attr not supported : Dmpu
2024-12-28 00:09:10,796 [ERROR] ConditionMgr:805 - Attr not supported : Dmpu
2024-12-28 00:09:10,796 [ERROR] ConditionMgr:805 - Attr not supported : Dmpu
2024-12-28 00:09:10,797 [ERROR] ConditionMgr:805 - Attr not supported : Dmpu
2024-12-28 00:09:10,797 [ERROR] ConditionMgr:805 - Attr not supported : Dmpu
2024-12-28 00:09:10,797 [ERROR] ConditionMgr:805 - Attr not supported : Dmpu
2024-12-28 00:09:10,797 [ERROR] ConditionMgr:805 - Attr not supported : Dmpu
2024-12-28 00:09:10,797 [ERROR] ConditionMgr:805 - Attr not supported : Dmpu
2024-12-28 00:09:10,797 [ERROR] ConditionMgr:805 - Attr not supported : Dmpu
2024-12-28 00:09:10,797 [ERROR] ConditionMgr:805 - Attr not supported : Dmpu
2024-12-28 00:09:10,797 [ERROR] ConditionMgr:805 - Attr not supported : Dmpu
2024-12-28 00:09:10,797 [ERROR] ConditionMgr:805 - Attr not supported : Dmpu
2024-12-28 00:09:10,798 [ERROR] ConditionMgr:805 - Attr not supported : Dmpu
2024-12-28 00:09:10,798 [ERROR] ConditionMgr:805 - Attr not supported : Dmpu
2024-12-28 00:09:10,798 [ERROR] ConditionMgr:805 - Attr not supported : Dmpu
2024-12-28 00:09:10,798 [ERROR] ConditionMgr:805 - Attr not supported : Dmpu
2024-12-28 00:09:10,798 [ERROR] ConditionMgr:805 - Attr not supported : Dmpu
2024-12-28 00:09:10,798 [ERROR] ConditionMgr:805 - Attr not supported : Dmpu
2024-12-28 00:09:10,799 [ERROR] ConditionMgr:805 - Attr not supported : Dmpu
2024-12-28 00:09:10,799 [ERROR] ConditionMgr:805 - Attr not supported : Dmpu
2024-12-28 00:09:10,799 [ERROR] ConditionMgr:805 - Attr not supported : Dmpu
2024-12-28 00:09:10,799 [ERROR] ConditionMgr:805 - Attr not supported : Dmpu
2024-12-28 00:09:10,799 [ERROR] ConditionMgr:805 - Attr not supported : Dmpu
2024-12-28 00:09:10,799 [ERROR] ConditionMgr:805 - Attr not supported : Dmpu
2024-12-28 00:09:10,799 [ERROR] ConditionMgr:805 - Attr not supported : Dmpu
2024-12-28 00:09:10,799 [ERROR] ConditionMgr:805 - Attr not supported : Dmpu
2024-12-28 00:09:10,799 [ERROR] ConditionMgr:805 - Attr not supported : Dmpu
2024-12-28 00:09:10,800 [ERROR] ConditionMgr:805 - Attr not supported : Dmpu
2024-12-28 00:09:10,800 [ERROR] ConditionMgr:805 - Attr not supported : Dmpu
2024-12-28 00:09:10,800 [ERROR] ConditionMgr:805 - Attr not supported : Dmpu
2024-12-28 00:09:10,800 [ERROR] ConditionMgr:805 - Attr not supported : Dmpu
2024-12-28 00:09:10,800 [ERROR] ConditionMgr:805 - Attr not supported : Dmpu
2024-12-28 00:09:10,800 [ERROR] ConditionMgr:805 - Attr not supported : Dmpu
2024-12-28 00:09:10,800 [ERROR] ConditionMgr:805 - Attr not supported : Dmpu
2024-12-28 00:09:10,800 [ERROR] ConditionMgr:805 - Attr not supported : Dmpu
2024-12-28 00:09:10,801 [ERROR] ConditionMgr:805 - Attr not supported : Dmpu
2024-12-28 00:09:10,801 [ERROR] ConditionMgr:805 - Attr not supported : Dmpu
2024-12-28 00:09:10,801 [ERROR] ConditionMgr:805 - Attr not supported : Dmpu
2024-12-28 00:09:10,801 [ERROR] ConditionMgr:805 - Attr not supported : Dmpu
2024-12-28 00:09:10,801 [ERROR] ConditionMgr:805 - Attr not supported : Dmpu
2024-12-28 00:09:10,801 [ERROR] ConditionMgr:805 - Attr not supported : Dmpu
2024-12-28 00:09:10,801 [ERROR] ConditionMgr:805 - Attr not supported : Dmpu
2024-12-28 00:09:10,801 [ERROR] ConditionMgr:805 - Attr not supported : Dmpu
2024-12-28 00:09:10,802 [ERROR] ConditionMgr:805 - Attr not supported : Dmpu
2024-12-28 00:09:10,802 [ERROR] ConditionMgr:805 - Attr not supported : Dmpu
2024-12-28 00:09:10,802 [ERROR] ConditionMgr:805 - Attr not supported : Dmpu
2024-12-28 00:09:10,802 [ERROR] ConditionMgr:805 - Attr not supported : Dmpu
2024-12-28 00:09:10,802 [ERROR] ConditionMgr:805 - Attr not supported : Dmpu
2024-12-28 00:09:10,802 [ERROR] ConditionMgr:805 - Attr not supported : Dmpu
2024-12-28 00:09:10,802 [ERROR] ConditionMgr:805 - Attr not supported : Dmpu
2024-12-28 00:09:10,802 [ERROR] ConditionMgr:805 - Attr not supported : Dmpu
2024-12-28 00:09:10,802 [ERROR] ConditionMgr:805 - Attr not supported : Dmpu
2024-12-28 00:09:10,803 [ERROR] ConditionMgr:805 - Attr not supported : Dmpu
2024-12-28 00:09:10,803 [ERROR] ConditionMgr:805 - Attr not supported : Dmpu
2024-12-28 00:09:10,803 [ERROR] ConditionMgr:805 - Attr not supported : Dmpu
2024-12-28 00:09:10,803 [ERROR] ConditionMgr:805 - Attr not supported : Dmpu
2024-12-28 00:09:10,803 [ERROR] ConditionMgr:805 - Attr not supported : Dmpu
2024-12-28 00:09:10,803 [ERROR] ConditionMgr:805 - Attr not supported : Dmpu
2024-12-28 00:09:10,803 [ERROR] ConditionMgr:805 - Attr not supported : Dmpu
2024-12-28 00:09:10,803 [ERROR] ConditionMgr:805 - Attr not supported : Dmpu
2024-12-28 00:09:10,819 [INFO] McuFinderGlobals:76 - Set McuFinderConnectedMode to true
2024-12-28 00:09:10,945 [ERROR] Engine:466 - /home/sunbeam/.stm32cubemx/thirdparties/pdsc/STMicroelectronics.X-CUBE-TCPP.4.2.0.pdsc: PDSC version is not supported
2024-12-28 00:09:11,154 [WARN] PackLoader:240 - Cannot read IP mode file for RealThread.X-CUBE-RT-Thread_Nano.4.1.1
2024-12-28 00:09:11,236 [WARN] PackLoader:240 - Cannot read IP mode file for STMicroelectronics.FP-ATR-SIGFOX1.3.2.0
2024-12-28 00:09:11,421 [WARN] PackLoader:240 - Cannot read IP mode file for wolfSSL.I-CUBE-wolfSSL.5.7.2
2024-12-28 00:09:11,455 [INFO] ServerAccessManage:473 - Download File mcusAds.json._tmp_
2024-12-28 00:09:11,644 [WARN] ConditionMgr:438 - getConditionDescription Invalid condition id : Cortex-A Device cause : null
2024-12-28 00:09:11,746 [INFO] LoadUrlFilesThread:156 - End of LoadUrlFiles Thread
2024-12-28 00:09:11,847 [WARN] ConditionMgr:1039 - genDependencies : Invalid condition id : Cortex-A Device cause : null
2024-12-28 00:09:11,847 [WARN] ConditionMgr:1039 - genDependencies : Invalid condition id : Cortex-A Device cause : null
2024-12-28 00:09:11,847 [WARN] ConditionMgr:1039 - genDependencies : Invalid condition id : Cortex-A Device cause : null
2024-12-28 00:09:12,166 [WARN] PackLoader:240 - Cannot read IP mode file for STMicroelectronics.X-CUBE-EEPRMA1.5.1.0
2024-12-28 00:09:12,317 [WARN] PackLoader:240 - Cannot read IP mode file for ITTIA_DB.I-CUBE-ITTIADB.8.9.0
2024-12-28 00:09:12,573 [WARN] PackLoader:240 - Cannot read IP mode file for SEGGER.I-CUBE-embOS.1.3.1
2024-12-28 00:09:12,748 [WARN] PackLoader:240 - Cannot read IP mode file for STMicroelectronics.X-CUBE-ALGOBUILD.1.4.0
2024-12-28 00:09:12,954 [WARN] PackLoader:240 - Cannot read IP mode file for STMicroelectronics.X-CUBE-AI.9.1.0
2024-12-28 00:09:13,146 [WARN] PackLoader:240 - Cannot read IP mode file for STMicroelectronics.X-CUBE-AZRTOS-F4.1.1.0
2024-12-28 00:09:13,218 [WARN] PackLoader:240 - Cannot read IP mode file for STMicroelectronics.X-CUBE-ISPU.2.1.0
2024-12-28 00:09:13,332 [WARN] PackLoader:240 - Cannot read IP mode file for STMicroelectronics.X-CUBE-FREERTOS.1.2.0
2024-12-28 00:09:13,504 [WARN] PackLoader:240 - Cannot read IP mode file for STMicroelectronics.X-CUBE-AZRTOS-L5.2.0.0
2024-12-28 00:09:13,578 [WARN] PackLoader:240 - Cannot read IP mode file for STMicroelectronics.X-CUBE-NFC6.3.1.0
2024-12-28 00:09:13,679 [WARN] PackLoader:240 - Cannot read IP mode file for STMicroelectronics.X-CUBE-DPower.1.2.0
2024-12-28 00:09:13,763 [WARN] PackLoader:240 - Cannot read IP mode file for STMicroelectronics.X-CUBE-AI.9.0.0
2024-12-28 00:09:13,799 [WARN] PackLoader:240 - Cannot read IP mode file for STMicroelectronics.X-CUBE-FREERTOS.1.3.0
2024-12-28 00:09:13,938 [WARN] PackLoader:240 - Cannot read IP mode file for STMicroelectronics.X-CUBE-NFC7.1.0.1
2024-12-28 00:09:14,127 [WARN] ConditionMgr:438 - getConditionDescription Invalid condition id : LAN8742 Phy interface Condition cause : null
2024-12-28 00:09:14,128 [WARN] PackLoader:240 - Cannot read IP mode file for STMicroelectronics.X-CUBE-AZRTOS-L4.2.0.0
2024-12-28 00:09:14,130 [WARN] ConditionMgr:1039 - genDependencies : Invalid condition id : LAN8742 Phy interface Condition cause : null
2024-12-28 00:09:14,130 [WARN] ConditionMgr:1039 - genDependencies : Invalid condition id : LAN8742 Phy interface Condition cause : null
2024-12-28 00:09:14,131 [WARN] ConditionMgr:1039 - genDependencies : Invalid condition id : LAN8742 Phy interface Condition cause : null
2024-12-28 00:09:14,302 [WARN] PackLoader:240 - Cannot read IP mode file for STMicroelectronics.X-CUBE-SFXS2LP1.4.0.0
2024-12-28 00:09:14,425 [WARN] PackLoader:240 - Cannot read IP mode file for STMicroelectronics.X-CUBE-AZRTOS-H7.3.3.0
2024-12-28 00:09:14,532 [INFO] ServerAccessManage:473 - Download File cube-finder-db.zip
2024-12-28 00:09:14,555 [WARN] PackLoader:240 - Cannot read IP mode file for STMicroelectronics.X-CUBE-IPS.3.0.0
2024-12-28 00:09:14,771 [WARN] ConditionMgr:438 - getConditionDescription Invalid condition id : UX DEVICE CLASS RTOS Condition cause : null
2024-12-28 00:09:14,771 [WARN] ConditionMgr:438 - getConditionDescription Invalid condition id : UX DEVICE CLASS RTOS Condition cause : null
2024-12-28 00:09:14,775 [WARN] PackLoader:240 - Cannot read IP mode file for STMicroelectronics.X-CUBE-AZRTOS-WB.2.0.0
2024-12-28 00:09:14,776 [WARN] ConditionMgr:1039 - genDependencies : Invalid condition id : UX DEVICE CLASS RTOS Condition cause : null
2024-12-28 00:09:14,777 [WARN] ConditionMgr:1039 - genDependencies : Invalid condition id : UX DEVICE CLASS RTOS Condition cause : null
2024-12-28 00:09:14,777 [WARN] ConditionMgr:1039 - genDependencies : Invalid condition id : UX DEVICE CLASS RTOS Condition cause : null
2024-12-28 00:09:14,778 [WARN] ConditionMgr:1039 - genDependencies : Invalid condition id : UX DEVICE CLASS RTOS Condition cause : null
2024-12-28 00:09:14,779 [WARN] ConditionMgr:1039 - genDependencies : Invalid condition id : UX DEVICE CLASS RTOS Condition cause : null
2024-12-28 00:09:14,877 [WARN] PackLoader:240 - Cannot read IP mode file for STMicroelectronics.X-CUBE-GNSS1.7.0.0
2024-12-28 00:09:14,940 [WARN] PackLoader:240 - Cannot read IP mode file for STMicroelectronics.X-CUBE-GNSS1.7.0.1
2024-12-28 00:09:15,185 [WARN] PackLoader:240 - Cannot read IP mode file for STMicroelectronics.FP-SNS-STBOX1.2.0.0
2024-12-28 00:09:15,356 [WARN] PackLoader:240 - Cannot read IP mode file for STMicroelectronics.X-CUBE-SUBG2.5.0.0
2024-12-28 00:09:15,479 [WARN] PackLoader:240 - Cannot read IP mode file for Cesanta.I-CUBE-Mongoose.7.13.0
2024-12-28 00:09:16,250 [WARN] PackLoader:240 - Cannot read IP mode file for STMicroelectronics.X-CUBE-AZRTOS-G4.2.0.0
2024-12-28 00:09:16,408 [INFO] WebApp:167 - Instantiating new browser for Auth
2024-12-28 00:09:16,752 [WARN] PackLoader:240 - Cannot read IP mode file for STMicroelectronics.X-CUBE-ALS.1.0.2
2024-12-28 00:09:17,082 [WARN] PackLoader:240 - Cannot read IP mode file for STMicroelectronics.X-CUBE-TOUCHGFX.4.24.0
2024-12-28 00:09:17,118 [INFO] FileExtend:240 - Unzip File : cube-finder-db.zip
2024-12-28 00:09:17,118 [INFO] FileExtend:255 - Standard Zip Deflate
2024-12-28 00:09:17,220 [WARN] PackLoader:240 - Cannot read IP mode file for STMicroelectronics.X-CUBE-TOUCHGFX.4.24.1
2024-12-28 00:09:17,339 [WARN] PackLoader:240 - Cannot read IP mode file for wolfSSL.I-CUBE-wolfTPM.3.4.0
2024-12-28 00:09:17,469 [WARN] PackLoader:240 - Cannot read IP mode file for portGmbH.I-Cube-SoM-uGOAL.1.1.0
2024-12-28 00:09:17,663 [WARN] PackLoader:240 - Cannot read IP mode file for STMicroelectronics.X-CUBE-AZRTOS-H7RS.1.0.0
2024-12-28 00:09:17,915 [WARN] PackLoader:240 - Cannot read IP mode file for STMicroelectronics.FP-ATR-ASTRA1.2.0.0
2024-12-28 00:09:19,181 [WARN] PackLoader:240 - Cannot read IP mode file for STMicroelectronics.X-CUBE-TOF1.3.4.2
2024-12-28 00:09:19,391 [WARN] PackLoader:240 - Cannot read IP mode file for Infineon.AIROC-Wi-Fi-Bluetooth-STM32.1.6.1
2024-12-28 00:09:19,461 [WARN] PackLoader:240 - Cannot read IP mode file for wolfSSL.I-CUBE-wolfSSH.1.4.17
2024-12-28 00:09:19,462 [INFO] ThirdParty:978 - Integrity check success = true
2024-12-28 00:09:19,463 [INFO] IntegrityCheckThread:100 - exiting critical section [integrity check]
2024-12-28 00:09:19,463 [INFO] IntegrityCheckThread:103 - End integrity checks thread
2024-12-28 00:09:25,646 [INFO] LoadUrlFilesThread:156 - End of LoadUrlFiles Thread
2024-12-28 00:09:26,610 [INFO] ServerAccessManage:473 - Download File crdb.zip
2024-12-28 00:09:29,070 [INFO] FileExtend:240 - Unzip File : crdb.zip
2024-12-28 00:09:29,070 [INFO] FileExtend:255 - Standard Zip Deflate
2024-12-28 00:09:29,198 [INFO] LoadUrlFilesThread:156 - End of LoadUrlFiles Thread
2024-12-28 00:09:29,337 [INFO] ServerAccessManage:473 - Download File tutoVideoDB.zip
2024-12-28 00:09:29,377 [INFO] FileExtend:240 - Unzip File : tutoVideoDB.zip
2024-12-28 00:09:29,377 [INFO] FileExtend:255 - Standard Zip Deflate
2024-12-28 00:09:29,551 [INFO] LoadUrlFilesThread:156 - End of LoadUrlFiles Thread
2024-12-28 00:09:29,554 [WARN] DbFile:41 - Overriding database path with different value: /home/sunbeam/.stmcufinder/plugins/mcufinder/ => /home/sunbeam/.stmcufinder/plugins/mcufinder
2024-12-28 00:09:29,666 [INFO] ServerAccessManage:473 - Download File api_config.json
2024-12-28 00:09:29,770 [INFO] LoadUrlFilesThread:156 - End of LoadUrlFiles Thread
2024-12-28 00:09:29,772 [INFO] DbMcusAds:53 - JSON generation date=Tue Dec 17 21:31:15 IST 2024 (1734451275196)
2024-12-28 00:09:30,196 [INFO] ServerAccessManage:473 - Download File 
2024-12-28 00:09:30,224 [INFO] LoadUrlFilesThread:185 - End of LoadServerUrlFiles without Thread
2024-12-28 00:09:30,224 [INFO] TargetSelectorAdapter:259 - Refresh data is successful
2024-12-28 00:09:31,902 [INFO] ApiDb:581 - Connected to CubeFinder SQLite database (/home/sunbeam/.stmcufinder/plugins/mcufinder/mcu/cube-finder-db.db)
2024-12-28 00:09:31,993 [INFO] ApiDb:668 - CubeFinder database Data Model version=2.1
2024-12-28 00:09:31,993 [INFO] ApiDb:669 - CubeFinder database Configuration version=3.0.39
2024-12-28 00:09:31,993 [INFO] ApiDb:670 - CubeFinder database generation date=2024-12-10 (1733817889)
2024-12-28 00:09:31,993 [INFO] ApiDb:671 - CubeFinder database FW Pack versions=[FP-ATR-ASTRA1_V2.0.0, FP-SNS-FLIGHT1_V5.0.2, FP-SNS-MOTENV1_V5.0.0, FP-SNS-MOTENVWB1_V1.4.0, FP-SNS-SMARTAG2_V1.2.0, FP-SNS-STBOX1_V2.0.0, STM32Cube_FW_C0_V1.3.0, STM32Cube_FW_F4_V1.28.1, STM32Cube_FW_F7_V1.17.2, STM32Cube_FW_G0_V1.6.2, STM32Cube_FW_G4_V1.6.1, STM32Cube_FW_H5_V1.4.0, STM32Cube_FW_H7RS_V1.1.0, STM32Cube_FW_H7_V1.12.0, STM32Cube_FW_L0_V1.12.2, STM32Cube_FW_L4_V1.18.1, STM32Cube_FW_L5_V1.5.1, STM32Cube_FW_N6_V1.0.0, STM32Cube_FW_U0_V1.2.0, STM32Cube_FW_U3_V1.0.0, STM32Cube_FW_U5_V1.7.0, STM32Cube_FW_WB0_V1.1.0, STM32Cube_FW_WBA_V1.5.0, STM32Cube_FW_WB_V1.21.0, STM32Cube_FW_WL3_V1.0.0, STM32Cube_FW_WL_V1.3.0, X-CUBE-ALGOBUILD_V1.4.0, X-CUBE-ALS_V1.0.2, X-CUBE-AZRTOS-F4_V1.1.0, X-CUBE-AZRTOS-F7_V1.1.0, X-CUBE-AZRTOS-G0_V1.1.0, X-CUBE-AZRTOS-G4_V2.0.0, X-CUBE-AZRTOS-H7RS_V1.0.0, X-CUBE-AZRTOS-H7_V3.3.0, X-CUBE-AZRTOS-L4_V2.0.0, X-CUBE-AZRTOS-L5_V2.0.0, X-CUBE-AZRTOS-WB_V2.0.0, X-CUBE-AZRTOS-WL_V2.0.0, X-CUBE-BLE1_V7.0.0, X-CUBE-BLE2_V3.3.0, X-CUBE-BLEMGR_V3.1.0, X-CUBE-EEPRMA1_V5.1.0, X-CUBE-FREERTOS_V1.2.0, X-CUBE-GNSS1_V6.0.0, X-CUBE-MEMS1_V11.0.0, X-CUBE-NFC4_V3.0.0, X-CUBE-NFC7_V1.0.1, X-CUBE-SFXS2LP1_V4.0.0, X-CUBE-SUBG2_V5.0.0, X-CUBE-TOF1_V3.4.2]
2024-12-28 00:09:32,330 [ERROR] LogOutputStream:75 - [STDERR_REDIRECT] org.eclipse.swt.SWTException: Widget is disposed
2024-12-28 00:09:32,330 [ERROR] LogOutputStream:75 - [STDERR_REDIRECT] 	at org.eclipse.swt.SWT.error(SWT.java:4918)
2024-12-28 00:09:32,331 [ERROR] LogOutputStream:75 - [STDERR_REDIRECT] 	at org.eclipse.swt.SWT.error(SWT.java:4833)
2024-12-28 00:09:32,331 [ERROR] LogOutputStream:75 - [STDERR_REDIRECT] 	at org.eclipse.swt.SWT.error(SWT.java:4804)
2024-12-28 00:09:32,332 [ERROR] LogOutputStream:75 - [STDERR_REDIRECT] 	at org.eclipse.swt.widgets.Widget.error(Widget.java:565)
2024-12-28 00:09:32,332 [ERROR] LogOutputStream:75 - [STDERR_REDIRECT] 	at org.eclipse.swt.widgets.Widget.checkWidget(Widget.java:480)
2024-12-28 00:09:32,333 [ERROR] LogOutputStream:75 - [STDERR_REDIRECT] 	at org.eclipse.swt.widgets.Control.getParent(Control.java:3295)
2024-12-28 00:09:32,333 [ERROR] LogOutputStream:75 - [STDERR_REDIRECT] 	at com.st.stm32cube.common.projectcreation.ui.wizard.TargetSetupPageAbstract.createControl(TargetSetupPageAbstract.java:132)
2024-12-28 00:09:32,334 [ERROR] LogOutputStream:75 - [STDERR_REDIRECT] 	at org.eclipse.jface.wizard.Wizard.createPageControls(Wizard.java:180)
2024-12-28 00:09:32,334 [ERROR] LogOutputStream:75 - [STDERR_REDIRECT] 	at org.eclipse.jface.wizard.WizardDialog.createPageControls(WizardDialog.java:744)
2024-12-28 00:09:32,335 [ERROR] LogOutputStream:75 - [STDERR_REDIRECT] 	at org.eclipse.jface.wizard.WizardDialog.createContents(WizardDialog.java:636)
2024-12-28 00:09:32,335 [ERROR] LogOutputStream:75 - [STDERR_REDIRECT] 	at org.eclipse.jface.window.Window.create(Window.java:431)
2024-12-28 00:09:32,336 [ERROR] LogOutputStream:75 - [STDERR_REDIRECT] 	at org.eclipse.jface.dialogs.Dialog.create(Dialog.java:1094)
2024-12-28 00:09:32,336 [ERROR] LogOutputStream:75 - [STDERR_REDIRECT] 	at org.eclipse.jface.window.Window.open(Window.java:788)
2024-12-28 00:09:32,336 [ERROR] LogOutputStream:75 - [STDERR_REDIRECT] 	at com.st.stm32cube.ide.mcu.informationcenter.WelcomePageAction.run(WelcomePageAction.java:54)
2024-12-28 00:09:32,337 [ERROR] LogOutputStream:75 - [STDERR_REDIRECT] 	at org.eclipse.ui.internal.intro.impl.model.url.IntroURL.runAction(IntroURL.java:279)
2024-12-28 00:09:32,337 [ERROR] LogOutputStream:75 - [STDERR_REDIRECT] 	at org.eclipse.ui.internal.intro.impl.model.url.IntroURL.doExecute(IntroURL.java:190)
2024-12-28 00:09:32,338 [ERROR] LogOutputStream:75 - [STDERR_REDIRECT] 	at org.eclipse.ui.internal.intro.impl.model.url.IntroURL.lambda$0(IntroURL.java:145)
2024-12-28 00:09:32,338 [ERROR] LogOutputStream:75 - [STDERR_REDIRECT] 	at org.eclipse.swt.custom.BusyIndicator.showWhile(BusyIndicator.java:67)
2024-12-28 00:09:32,339 [ERROR] LogOutputStream:75 - [STDERR_REDIRECT] 	at org.eclipse.ui.internal.intro.impl.model.url.IntroURL.execute(IntroURL.java:145)
2024-12-28 00:09:32,339 [ERROR] LogOutputStream:75 - [STDERR_REDIRECT] 	at org.eclipse.ui.internal.intro.impl.presentations.BrowserIntroPartLocationListener.changing(BrowserIntroPartLocationListener.java:130)
2024-12-28 00:09:32,339 [ERROR] LogOutputStream:75 - [STDERR_REDIRECT] 	at org.eclipse.swt.browser.WebKit.webkit_decide_policy(WebKit.java:2304)
2024-12-28 00:09:32,340 [ERROR] LogOutputStream:75 - [STDERR_REDIRECT] 	at org.eclipse.swt.browser.WebKit.webViewProc(WebKit.java:616)
2024-12-28 00:09:32,340 [ERROR] LogOutputStream:75 - [STDERR_REDIRECT] 	at org.eclipse.swt.browser.WebKit.Proc(WebKit.java:537)
2024-12-28 00:09:32,340 [ERROR] LogOutputStream:75 - [STDERR_REDIRECT] 	at org.eclipse.swt.internal.gtk3.GTK3.gtk_main_iteration_do(Native Method)
2024-12-28 00:09:32,341 [ERROR] LogOutputStream:75 - [STDERR_REDIRECT] 	at org.eclipse.swt.widgets.Display.readAndDispatch(Display.java:4513)
2024-12-28 00:09:32,341 [ERROR] LogOutputStream:75 - [STDERR_REDIRECT] 	at org.eclipse.e4.ui.internal.workbench.swt.PartRenderingEngine$5.run(PartRenderingEngine.java:1155)
2024-12-28 00:09:32,341 [ERROR] LogOutputStream:75 - [STDERR_REDIRECT] 	at org.eclipse.core.databinding.observable.Realm.runWithDefault(Realm.java:342)
2024-12-28 00:09:32,341 [ERROR] LogOutputStream:75 - [STDERR_REDIRECT] 	at org.eclipse.e4.ui.internal.workbench.swt.PartRenderingEngine.run(PartRenderingEngine.java:1046)
2024-12-28 00:09:32,342 [ERROR] LogOutputStream:75 - [STDERR_REDIRECT] 	at org.eclipse.e4.ui.internal.workbench.E4Workbench.createAndRunUI(E4Workbench.java:155)
2024-12-28 00:09:32,342 [ERROR] LogOutputStream:75 - [STDERR_REDIRECT] 	at org.eclipse.ui.internal.Workbench.lambda$3(Workbench.java:648)
2024-12-28 00:09:32,342 [ERROR] LogOutputStream:75 - [STDERR_REDIRECT] 	at org.eclipse.core.databinding.observable.Realm.runWithDefault(Realm.java:342)
2024-12-28 00:09:32,343 [ERROR] LogOutputStream:75 - [STDERR_REDIRECT] 	at org.eclipse.ui.internal.Workbench.createAndRunWorkbench(Workbench.java:555)
2024-12-28 00:09:32,343 [ERROR] LogOutputStream:75 - [STDERR_REDIRECT] 	at org.eclipse.ui.PlatformUI.createAndRunWorkbench(PlatformUI.java:173)
2024-12-28 00:09:32,343 [ERROR] LogOutputStream:75 - [STDERR_REDIRECT] 	at org.eclipse.ui.internal.ide.application.IDEApplication.start(IDEApplication.java:152)
2024-12-28 00:09:32,343 [ERROR] LogOutputStream:75 - [STDERR_REDIRECT] 	at org.eclipse.equinox.internal.app.EclipseAppHandle.run(EclipseAppHandle.java:208)
2024-12-28 00:09:32,344 [ERROR] LogOutputStream:75 - [STDERR_REDIRECT] 	at org.eclipse.core.runtime.internal.adaptor.EclipseAppLauncher.runApplication(EclipseAppLauncher.java:136)
2024-12-28 00:09:32,344 [ERROR] LogOutputStream:75 - [STDERR_REDIRECT] 	at org.eclipse.core.runtime.internal.adaptor.EclipseAppLauncher.start(EclipseAppLauncher.java:104)
2024-12-28 00:09:32,349 [ERROR] LogOutputStream:75 - [STDERR_REDIRECT] 	at org.eclipse.core.runtime.adaptor.EclipseStarter.run(EclipseStarter.java:402)
2024-12-28 00:09:32,350 [ERROR] LogOutputStream:75 - [STDERR_REDIRECT] 	at org.eclipse.core.runtime.adaptor.EclipseStarter.run(EclipseStarter.java:255)
2024-12-28 00:09:32,351 [ERROR] LogOutputStream:75 - [STDERR_REDIRECT] 	at java.base/jdk.internal.reflect.NativeMethodAccessorImpl.invoke0(Native Method)
2024-12-28 00:09:32,351 [ERROR] LogOutputStream:75 - [STDERR_REDIRECT] 	at java.base/jdk.internal.reflect.NativeMethodAccessorImpl.invoke(NativeMethodAccessorImpl.java:77)
2024-12-28 00:09:32,351 [ERROR] LogOutputStream:75 - [STDERR_REDIRECT] 	at java.base/jdk.internal.reflect.DelegatingMethodAccessorImpl.invoke(DelegatingMethodAccessorImpl.java:43)
2024-12-28 00:09:32,351 [ERROR] LogOutputStream:75 - [STDERR_REDIRECT] 	at java.base/java.lang.reflect.Method.invoke(Method.java:568)
2024-12-28 00:09:32,352 [ERROR] LogOutputStream:75 - [STDERR_REDIRECT] 	at org.eclipse.equinox.launcher.Main.invokeFramework(Main.java:651)
2024-12-28 00:09:32,352 [ERROR] LogOutputStream:75 - [STDERR_REDIRECT] 	at org.eclipse.equinox.launcher.Main.basicRun(Main.java:588)
2024-12-28 00:09:32,352 [ERROR] LogOutputStream:75 - [STDERR_REDIRECT] 	at org.eclipse.equinox.launcher.Main.run(Main.java:1459)
2024-12-28 00:09:32,353 [ERROR] LogOutputStream:75 - [STDERR_REDIRECT] 	at org.eclipse.equinox.launcher.Main.main(Main.java:1432)
2024-12-28 00:09:35,249 [INFO] ApiDb:240 - Found 646 in-development CPN: [B-G473E-ZEST1S, B-WB1M-WPAN1, B-WL5M-SUBG1, NUCLEO-C031C6, NUCLEO-C071RB, NUCLEO-H503RB, NUCLEO-H533RE, NUCLEO-H563ZI, NUCLEO-H7S3L8, NUCLEO-U031R8, NUCLEO-U083RC, NUCLEO-U545RE-Q, NUCLEO-U5A5ZJ-Q, NUCLEO-WB05KZ, NUCLEO-WB07CC, NUCLEO-WB09KE, NUCLEO-WBA52CG, NUCLEO-WBA55CG, STEVAL-PROTEUS1, STEVAL-SMARTAG2, STEVAL-STWINBX1, STM320518-EVAL, STM32C0116-DK, STM32C011D6Y3TR, STM32C011D6Y6TR, STM32C011F4P3, STM32C011F4P6, STM32C011F4U3, STM32C011F4U6TR, STM32C011F6P3, STM32C011F6P6, STM32C011F6U3, STM32C011F6U6TR, STM32C011J4M3, STM32C011J4M6, STM32C011J6M3, STM32C011J6M6, STM32C0316-DK, STM32C031C4T3, STM32C031C4T6, STM32C031C4U3, STM32C031C4U6, STM32C031C6T3, STM32C031C6T6, STM32C031C6U3, STM32C031C6U6, STM32C031F4P3, STM32C031F4P6, STM32C031F6P3, STM32C031F6P6, STM32C031G4U3, STM32C031G4U6, STM32C031G6U3, STM32C031G6U6, STM32C031K4T3, STM32C031K4T6, STM32C031K4U3, STM32C031K4U6, STM32C031K6T3, STM32C031K6T6, STM32C031K6U3, STM32C031K6U6, STM32C071C8T6, STM32C071C8T6N, STM32C071C8U6, STM32C071C8U6N, STM32C071CBT6, STM32C071CBT6N, STM32C071CBU6, STM32C071CBU6N, STM32C071F8P6, STM32C071F8P6N, STM32C071FBP6, STM32C071FBP6N, STM32C071FBY6TR, STM32C071G8U6, STM32C071G8U6N, STM32C071GBU6, STM32C071GBU6N, STM32C071K8T6, STM32C071K8T6N, STM32C071K8U6, STM32C071K8U6N, STM32C071KBT6, STM32C071KBT6N, STM32C071KBU6, STM32C071KBU6N, STM32C071R8T6, STM32C071R8T6N, STM32C071RBI6N, STM32C071RBT6, STM32C071RBT6N, STM32G071K8TXN, STM32G071K8UXN, STM32G081GBU6N, STM32G081KBT6N, STM32G081KBUXN, STM32G0B1CCT6N, STM32G0B1KCT6, STM32G0B1NEY6TR, STM32G0B1RCT6N, STM32G0C1CCT6, STM32G0C1CCT6N, STM32G0C1CCU6N, STM32G0C1CET6N, STM32G0C1CEU6N, STM32G0C1KCT6, STM32G0C1NEY6TR, STM32G0C1RCI6N, STM32G0C1RCT6N, STM32G0C1REI6N, STM32G0C1RET6N, STM32G0C1VCI6, STM32G0C1VEI6, STM32G411C6T3, STM32G411C6T6, STM32G411C6U3, STM32G411C6U6, STM32G411C8T3, STM32G411C8T6, STM32G411C8U3, STM32G411C8U6, STM32G411CBT3, STM32G411CBT6, STM32G411CBU3, STM32G411CBU6, STM32G411K6T3, STM32G411K6T6, STM32G411K6U3, STM32G411K6U6, STM32G411K8T3, STM32G411K8T6, STM32G411K8U3, STM32G411K8U6, STM32G411KBT3, STM32G411KBT6, STM32G411KBU3, STM32G411KBU6, STM32G411M6T3, STM32G411M6T6, STM32G411M8T3, STM32G411M8T6, STM32G411MBT3, STM32G411MBT6, STM32G411R6T3, STM32G411R6T6, STM32G411R8T3, STM32G411R8T6, STM32G411RBT3, STM32G411RBT6, STM32G414CBT3, STM32G414CBT6, STM32G414CBU3, STM32G414CBU6, STM32G414CCT3, STM32G414CCT6, STM32G414CCU3, STM32G414CCU6, STM32G414MBT3, STM32G414MBT6, STM32G414MCT3, STM32G414MCT6, STM32G414RBT3, STM32G414RBT6, STM32G414RCT3, STM32G414RCT6, STM32G414VBT3, STM32G414VBT6, STM32G414VCT3, STM32G414VCT6, STM32G431CBT3Z, STM32G431RBT3Z, STM32G471CCT6, STM32G471CCU6, STM32G471CET3, STM32G471CET6, STM32G471CEU3, STM32G471CEU6, STM32G471MCT6, STM32G471MET3, STM32G471MET6, STM32G471MEY6TR, STM32G471QCT6, STM32G471QET3, STM32G471RCT6, STM32G471RET3, STM32G471RET6, STM32G471VCH6, STM32G471VCI6, STM32G471VCT6, STM32G471VEH3, STM32G471VEH6, STM32G471VEI3, STM32G471VEI6, STM32G471VET3, STM32G471VET6, STM32G473QET3Z, STM32G473RET3Z, STM32G474CCT6, STM32G491RET3Z, STM32H503CBT6, STM32H503CBU6, STM32H503EBY6TR, STM32H503KBU6, STM32H503RBT6, STM32H523CCT6, STM32H523CCU6, STM32H523CET6, STM32H523CEU6, STM32H523HEY6TR, STM32H523RCT6, STM32H523RET6, STM32H523VCI6, STM32H523VCT6, STM32H523VEI6, STM32H523VET6, STM32H523ZCJ6, STM32H523ZCT6, STM32H523ZEJ6, STM32H523ZET6, STM32H533CET6, STM32H533CEU6, STM32H533HEY6TR, STM32H533RET6, STM32H533VEI6, STM32H533VET6, STM32H533ZEJ6, STM32H533ZET6, STM32H562AGI6, STM32H562AII6, STM32H562IGK6, STM32H562IGT6, STM32H562IIK6, STM32H562IIT6, STM32H562RGT6, STM32H562RGV6, STM32H562RIT6, STM32H562RIV6, STM32H562VGT6, STM32H562VIT6, STM32H562ZGT6, STM32H562ZIT6, STM32H563AGI6, STM32H563AII3Q, STM32H563AII6, STM32H563IGK6, STM32H563IGT6, STM32H563IIK3Q, STM32H563IIK6, STM32H563IIT3Q, STM32H563IIT6, STM32H563MIY3QTR, STM32H563RGT6, STM32H563RGV6, STM32H563RIT6, STM32H563RIV6, STM32H563VGT6, STM32H563VIT3Q, STM32H563VIT6, STM32H563ZGT6, STM32H563ZIT3Q, STM32H563ZIT6, STM32H573AII3Q, STM32H573AII6, STM32H573I-DK, STM32H573IIK3Q, STM32H573IIK6, STM32H573IIT3Q, STM32H573IIT6, STM32H573MIY3QTR, STM32H573RIT6, STM32H573RIV6, STM32H573VIT3Q, STM32H573VIT6, STM32H573ZIT3Q, STM32H573ZIT6, STM32H7R3A8I6, STM32H7R3I8K6, STM32H7R3I8T6, STM32H7R3L8H6, STM32H7R3L8H6H, STM32H7R3R8V6, STM32H7R3V8H6, STM32H7R3V8T6, STM32H7R3V8Y6TR, STM32H7R3Z8J6, STM32H7R3Z8T6, STM32H7R7A8I6, STM32H7R7I8K6, STM32H7R7I8T6, STM32H7R7L8H6, STM32H7R7L8H6H, STM32H7R7Z8J6, STM32H7S3A8I6, STM32H7S3I8K6, STM32H7S3I8T6, STM32H7S3L8H6, STM32H7S3L8H6H, STM32H7S3R8V6, STM32H7S3V8H6, STM32H7S3V8T6, STM32H7S3V8Y6TR, STM32H7S3Z8J6, STM32H7S3Z8T6, STM32H7S78-DK, STM32H7S7A8I6, STM32H7S7I8K6, STM32H7S7I8T6, STM32H7S7L8H6, STM32H7S7L8H6H, STM32H7S7Z8J6, STM32L4R5QGI6STR, STM32MP131AAE3, STM32MP131AAF3, STM32MP131AAG3, STM32MP131CAE3, STM32MP131CAF3, STM32MP131CAG3, STM32MP131DAE7, STM32MP131DAF7, STM32MP131DAG7, STM32MP131FAE7, STM32MP131FAF7, STM32MP131FAG7, STM32MP133AAE3, STM32MP133AAF3, STM32MP133AAG3, STM32MP133CAE3, STM32MP133CAF3, STM32MP133CAG3, STM32MP133DAE7, STM32MP133DAF7, STM32MP133DAG7, STM32MP133FAE7, STM32MP133FAF7, STM32MP133FAG7, STM32MP135AAE3, STM32MP135AAF3, STM32MP135AAG3, STM32MP135CAE3, STM32MP135CAF3, STM32MP135CAG3, STM32MP135DAE7, STM32MP135DAF7, STM32MP135DAG7, STM32MP135F-DK, STM32MP135FAE7, STM32MP135FAF7, STM32MP135FAF7T, STM32MP135FAF7U, STM32MP135FAG7, STM32MP251AAI3, STM32MP251AAK3, STM32MP251AAL3, STM32MP251CAI3, STM32MP251CAK3, STM32MP251CAL3, STM32MP251DAI3, STM32MP251DAK3, STM32MP251DAL3, STM32MP251FAI3, STM32MP251FAK3, STM32MP251FAL3, STM32MP253AAI3, STM32MP253AAK3, STM32MP253AAL3, STM32MP253CAI3, STM32MP253CAK3, STM32MP253CAL3, STM32MP253DAI3, STM32MP253DAK3, STM32MP253DAL3, STM32MP253FAI3, STM32MP253FAK3, STM32MP253FAL3, STM32MP255AAI3, STM32MP255AAK3, STM32MP255AAL3, STM32MP255CAI3, STM32MP255CAK3, STM32MP255CAL3, STM32MP255DAI3, STM32MP255DAK3, STM32MP255DAL3, STM32MP255FAI3, STM32MP255FAK3, STM32MP255FAL3, STM32MP257AAI3, STM32MP257AAK3, STM32MP257AAL3, STM32MP257CAI3, STM32MP257CAK3, STM32MP257CAL3, STM32MP257DAI3, STM32MP257DAK3, STM32MP257DAL3, STM32MP257F-DK, STM32MP257F-EV1, STM32MP257FAI3, STM32MP257FAK3, STM32MP257FAL3, STM32U031C6T6, STM32U031C6U6, STM32U031C8T6, STM32U031C8U6, STM32U031F4P6, STM32U031F6P6, STM32U031F8P6, STM32U031G6Y6TR, STM32U031G8Y6TR, STM32U031K4U6, STM32U031K6U6, STM32U031K8U6, STM32U031R6I6, STM32U031R6T6, STM32U031R8I6, STM32U031R8T6, STM32U073C8T6, STM32U073C8U6, STM32U073CBT6, STM32U073CBU6, STM32U073CCT6, STM32U073CCU6, STM32U073H8Y6TR, STM32U073HBY6TR, STM32U073HCY6TR, STM32U073K8U6, STM32U073KBU6, STM32U073KCU6, STM32U073M8I6, STM32U073M8T6, STM32U073MBI6, STM32U073MBT6, STM32U073MCI6, STM32U073MCT6, STM32U073R8I6, STM32U073R8T6, STM32U073RBI6, STM32U073RBT6, STM32U073RCI6, STM32U073RCT6, STM32U083C-DK, STM32U083CCT6, STM32U083CCU6, STM32U083HCY6TR, STM32U083KCU6, STM32U083MCI6, STM32U083MCT6, STM32U083RCI6, STM32U083RCT6, STM32U535CBT6, STM32U535CBT6Q, STM32U535CBU6, STM32U535CBU6Q, STM32U535CCT6, STM32U535CCT6Q, STM32U535CCU6, STM32U535CCU6Q, STM32U535CET6, STM32U535CET6Q, STM32U535CEU6, STM32U535CEU6Q, STM32U535JEY6QTR, STM32U535NCY6QTR, STM32U535NEY6QTR, STM32U535RBI6, STM32U535RBI6Q, STM32U535RBT6, STM32U535RBT6Q, STM32U535RCI6, STM32U535RCI6Q, STM32U535RCT6, STM32U535RCT6Q, STM32U535REI6, STM32U535REI6Q, STM32U535RET6, STM32U535RET6Q, STM32U535VCI6, STM32U535VCI6Q, STM32U535VCT6, STM32U535VCT6Q, STM32U535VEI6, STM32U535VEI6Q, STM32U535VET6, STM32U535VET6Q, STM32U545CET6, STM32U545CET6Q, STM32U545CEU6, STM32U545CEU6Q, STM32U545JEY6QTR, STM32U545NEY6QTR, STM32U545REI6, STM32U545REI6Q, STM32U545RET6, STM32U545RET6Q, STM32U545VEI6, STM32U545VEI6Q, STM32U545VET6, STM32U545VET6Q, STM32U595AIH6, STM32U595AIH6Q, STM32U595AJH6, STM32U595AJH6Q, STM32U595QII6, STM32U595QII6Q, STM32U595QJI6, STM32U595QJI6Q, STM32U595RIT6, STM32U595RIT6Q, STM32U595RJT6, STM32U595RJT6Q, STM32U595VIT6, STM32U595VIT6Q, STM32U595VJT6, STM32U595VJT6Q, STM32U595ZIT6, STM32U595ZIT6Q, STM32U595ZIY6QTR, STM32U595ZJT6, STM32U595ZJT6Q, STM32U595ZJY6QTR, STM32U599BJY6QTR, STM32U599NIH6Q, STM32U599NJH6Q, STM32U599VIT6Q, STM32U599VJT6, STM32U599VJT6Q, STM32U599ZIT6Q, STM32U599ZIY6QTR, STM32U599ZJT6Q, STM32U599ZJY6QTR, STM32U5A5AJH6, STM32U5A5AJH6Q, STM32U5A5QII3Q , STM32U5A5QJI6, STM32U5A5QJI6Q, STM32U5A5RJT6, STM32U5A5RJT6Q, STM32U5A5VJT6, STM32U5A5VJT6Q, STM32U5A5ZJT6, STM32U5A5ZJT6Q, STM32U5A5ZJY6QTR, STM32U5A9BJY6QTR, STM32U5A9J-DK, STM32U5A9NJH6Q, STM32U5A9VJT6Q, STM32U5A9ZJT6Q, STM32U5A9ZJY6QTR, STM32U5F7VIT6, STM32U5F7VIT6Q, STM32U5F7VJT6, STM32U5F7VJT6Q, STM32U5F9BJY6QTR, STM32U5F9NJH6Q, STM32U5F9VIT6Q, STM32U5F9VJT6Q, STM32U5F9ZIJ6QTR, STM32U5F9ZIT6Q, STM32U5F9ZJJ6QTR, STM32U5F9ZJT6Q, STM32U5G7VJT6, STM32U5G7VJT6Q, STM32U5G9BJY6QTR, STM32U5G9J-DK1, STM32U5G9J-DK2, STM32U5G9NJH6Q, STM32U5G9VJT6Q, STM32U5G9ZJJ6QTR, STM32U5G9ZJT6Q, STM32WB05KZV6TR, STM32WB05KZV7TR, STM32WB05TZF6TR, STM32WB05TZF7TR, STM32WB06CCF6TR, STM32WB06CCF7TR, STM32WB06CCV6TR, STM32WB06CCV7TR, STM32WB06KCV6TR, STM32WB06KCV7TR, STM32WB07CCF6TR, STM32WB07CCF7TR, STM32WB07CCV6TR, STM32WB07CCV7TR, STM32WB07KCV6TR, STM32WB07KCV7TR, STM32WB09KEV6TR, STM32WB09KEV7TR, STM32WB09TEF6TR, STM32WB09TEF7TR, STM32WB1MMCH6, STM32WBA50KGU6, STM32WBA50KGU6TR, STM32WBA52CEU6, STM32WBA52CEU6TR, STM32WBA52CEU7, STM32WBA52CEU7TR, STM32WBA52CGU6, STM32WBA52CGU6TR, STM32WBA52CGU6U, STM32WBA52CGU7, STM32WBA52CGU7TR, STM32WBA52KEU6, STM32WBA52KEU6TR, STM32WBA52KGU6, STM32WBA52KGU6TR, STM32WBA54CEU6, STM32WBA54CEU6TR, STM32WBA54CEU7, STM32WBA54CEU7TR, STM32WBA54CGU6, STM32WBA54CGU6TR, STM32WBA54CGU7, STM32WBA54CGU7TR, STM32WBA54KEU6, STM32WBA54KEU6TR, STM32WBA54KEU7, STM32WBA54KEU7TR, STM32WBA54KGU6, STM32WBA54KGU6TR, STM32WBA54KGU7, STM32WBA54KGU7TR, STM32WBA55CEU6, STM32WBA55CEU6TR, STM32WBA55CEU7, STM32WBA55CEU7TR, STM32WBA55CGU6, STM32WBA55CGU6TR, STM32WBA55CGU6U, STM32WBA55CGU7, STM32WBA55CGU7TR, STM32WBA55G-DK1, STM32WBA55HEF6, STM32WBA55HEF7, STM32WBA55HGF6, STM32WBA55HGF7, STM32WBA55UEI6, STM32WBA55UEI6TR, STM32WBA55UEI7, STM32WBA55UEI7TR, STM32WBA55UGI6, STM32WBA55UGI6TR, STM32WBA55UGI7, STM32WBA55UGI7TR, STM32WL5MOCH6, STM32WL5MOCH6TR]
2024-12-28 00:09:35,261 [INFO] DbMcus:218 - Found 4404 MCUs, 4404 are supported
2024-12-28 00:09:35,261 [INFO] ApiDb:423 - Load user favorites file /home/sunbeam/.stm32cubeide/favorites.mcus.txt: 0 item(s)
2024-12-28 00:09:35,262 [INFO] ApiDb:427 - User favorites MCUs=[]
2024-12-28 00:09:35,263 [INFO] DbMcus:224 - Set 0 / 0 favorites MCUs
2024-12-28 00:09:35,892 [INFO] ApiDb:668 - CubeFinder database Data Model version=2.1
2024-12-28 00:09:35,892 [INFO] ApiDb:669 - CubeFinder database Configuration version=3.0.39
2024-12-28 00:09:35,892 [INFO] ApiDb:670 - CubeFinder database generation date=2024-12-10 (1733817889)
2024-12-28 00:09:35,892 [INFO] ApiDb:671 - CubeFinder database FW Pack versions=[FP-ATR-ASTRA1_V2.0.0, FP-SNS-FLIGHT1_V5.0.2, FP-SNS-MOTENV1_V5.0.0, FP-SNS-MOTENVWB1_V1.4.0, FP-SNS-SMARTAG2_V1.2.0, FP-SNS-STBOX1_V2.0.0, STM32Cube_FW_C0_V1.3.0, STM32Cube_FW_F4_V1.28.1, STM32Cube_FW_F7_V1.17.2, STM32Cube_FW_G0_V1.6.2, STM32Cube_FW_G4_V1.6.1, STM32Cube_FW_H5_V1.4.0, STM32Cube_FW_H7RS_V1.1.0, STM32Cube_FW_H7_V1.12.0, STM32Cube_FW_L0_V1.12.2, STM32Cube_FW_L4_V1.18.1, STM32Cube_FW_L5_V1.5.1, STM32Cube_FW_N6_V1.0.0, STM32Cube_FW_U0_V1.2.0, STM32Cube_FW_U3_V1.0.0, STM32Cube_FW_U5_V1.7.0, STM32Cube_FW_WB0_V1.1.0, STM32Cube_FW_WBA_V1.5.0, STM32Cube_FW_WB_V1.21.0, STM32Cube_FW_WL3_V1.0.0, STM32Cube_FW_WL_V1.3.0, X-CUBE-ALGOBUILD_V1.4.0, X-CUBE-ALS_V1.0.2, X-CUBE-AZRTOS-F4_V1.1.0, X-CUBE-AZRTOS-F7_V1.1.0, X-CUBE-AZRTOS-G0_V1.1.0, X-CUBE-AZRTOS-G4_V2.0.0, X-CUBE-AZRTOS-H7RS_V1.0.0, X-CUBE-AZRTOS-H7_V3.3.0, X-CUBE-AZRTOS-L4_V2.0.0, X-CUBE-AZRTOS-L5_V2.0.0, X-CUBE-AZRTOS-WB_V2.0.0, X-CUBE-AZRTOS-WL_V2.0.0, X-CUBE-BLE1_V7.0.0, X-CUBE-BLE2_V3.3.0, X-CUBE-BLEMGR_V3.1.0, X-CUBE-EEPRMA1_V5.1.0, X-CUBE-FREERTOS_V1.2.0, X-CUBE-GNSS1_V6.0.0, X-CUBE-MEMS1_V11.0.0, X-CUBE-NFC4_V3.0.0, X-CUBE-NFC7_V1.0.1, X-CUBE-SFXS2LP1_V4.0.0, X-CUBE-SUBG2_V5.0.0, X-CUBE-TOF1_V3.4.2]
2024-12-28 00:09:35,955 [INFO] DbBoardsSqlite:226 - include board P-NUCLEO-WB55-NUCLEO as a kit item of type 'Nucleo-64'
2024-12-28 00:09:35,955 [INFO] DbBoardsSqlite:226 - include board P-NUCLEO-WB55-USBDONGLE as a kit item of type 'Nucleo USB Dongle'
2024-12-28 00:09:35,956 [INFO] DbBoardsSqlite:226 - include board STEVAL-IDP005V1 as a kit item of type 'Evaluation Board'
2024-12-28 00:09:35,956 [INFO] DbBoardsSqlite:226 - include board STEVAL-IDP005V2 as a kit item of type 'Evaluation Board'
2024-12-28 00:09:36,008 [INFO] ApiDb:240 - Found 646 in-development CPN: [B-G473E-ZEST1S, B-WB1M-WPAN1, B-WL5M-SUBG1, NUCLEO-C031C6, NUCLEO-C071RB, NUCLEO-H503RB, NUCLEO-H533RE, NUCLEO-H563ZI, NUCLEO-H7S3L8, NUCLEO-U031R8, NUCLEO-U083RC, NUCLEO-U545RE-Q, NUCLEO-U5A5ZJ-Q, NUCLEO-WB05KZ, NUCLEO-WB07CC, NUCLEO-WB09KE, NUCLEO-WBA52CG, NUCLEO-WBA55CG, STEVAL-PROTEUS1, STEVAL-SMARTAG2, STEVAL-STWINBX1, STM320518-EVAL, STM32C0116-DK, STM32C011D6Y3TR, STM32C011D6Y6TR, STM32C011F4P3, STM32C011F4P6, STM32C011F4U3, STM32C011F4U6TR, STM32C011F6P3, STM32C011F6P6, STM32C011F6U3, STM32C011F6U6TR, STM32C011J4M3, STM32C011J4M6, STM32C011J6M3, STM32C011J6M6, STM32C0316-DK, STM32C031C4T3, STM32C031C4T6, STM32C031C4U3, STM32C031C4U6, STM32C031C6T3, STM32C031C6T6, STM32C031C6U3, STM32C031C6U6, STM32C031F4P3, STM32C031F4P6, STM32C031F6P3, STM32C031F6P6, STM32C031G4U3, STM32C031G4U6, STM32C031G6U3, STM32C031G6U6, STM32C031K4T3, STM32C031K4T6, STM32C031K4U3, STM32C031K4U6, STM32C031K6T3, STM32C031K6T6, STM32C031K6U3, STM32C031K6U6, STM32C071C8T6, STM32C071C8T6N, STM32C071C8U6, STM32C071C8U6N, STM32C071CBT6, STM32C071CBT6N, STM32C071CBU6, STM32C071CBU6N, STM32C071F8P6, STM32C071F8P6N, STM32C071FBP6, STM32C071FBP6N, STM32C071FBY6TR, STM32C071G8U6, STM32C071G8U6N, STM32C071GBU6, STM32C071GBU6N, STM32C071K8T6, STM32C071K8T6N, STM32C071K8U6, STM32C071K8U6N, STM32C071KBT6, STM32C071KBT6N, STM32C071KBU6, STM32C071KBU6N, STM32C071R8T6, STM32C071R8T6N, STM32C071RBI6N, STM32C071RBT6, STM32C071RBT6N, STM32G071K8TXN, STM32G071K8UXN, STM32G081GBU6N, STM32G081KBT6N, STM32G081KBUXN, STM32G0B1CCT6N, STM32G0B1KCT6, STM32G0B1NEY6TR, STM32G0B1RCT6N, STM32G0C1CCT6, STM32G0C1CCT6N, STM32G0C1CCU6N, STM32G0C1CET6N, STM32G0C1CEU6N, STM32G0C1KCT6, STM32G0C1NEY6TR, STM32G0C1RCI6N, STM32G0C1RCT6N, STM32G0C1REI6N, STM32G0C1RET6N, STM32G0C1VCI6, STM32G0C1VEI6, STM32G411C6T3, STM32G411C6T6, STM32G411C6U3, STM32G411C6U6, STM32G411C8T3, STM32G411C8T6, STM32G411C8U3, STM32G411C8U6, STM32G411CBT3, STM32G411CBT6, STM32G411CBU3, STM32G411CBU6, STM32G411K6T3, STM32G411K6T6, STM32G411K6U3, STM32G411K6U6, STM32G411K8T3, STM32G411K8T6, STM32G411K8U3, STM32G411K8U6, STM32G411KBT3, STM32G411KBT6, STM32G411KBU3, STM32G411KBU6, STM32G411M6T3, STM32G411M6T6, STM32G411M8T3, STM32G411M8T6, STM32G411MBT3, STM32G411MBT6, STM32G411R6T3, STM32G411R6T6, STM32G411R8T3, STM32G411R8T6, STM32G411RBT3, STM32G411RBT6, STM32G414CBT3, STM32G414CBT6, STM32G414CBU3, STM32G414CBU6, STM32G414CCT3, STM32G414CCT6, STM32G414CCU3, STM32G414CCU6, STM32G414MBT3, STM32G414MBT6, STM32G414MCT3, STM32G414MCT6, STM32G414RBT3, STM32G414RBT6, STM32G414RCT3, STM32G414RCT6, STM32G414VBT3, STM32G414VBT6, STM32G414VCT3, STM32G414VCT6, STM32G431CBT3Z, STM32G431RBT3Z, STM32G471CCT6, STM32G471CCU6, STM32G471CET3, STM32G471CET6, STM32G471CEU3, STM32G471CEU6, STM32G471MCT6, STM32G471MET3, STM32G471MET6, STM32G471MEY6TR, STM32G471QCT6, STM32G471QET3, STM32G471RCT6, STM32G471RET3, STM32G471RET6, STM32G471VCH6, STM32G471VCI6, STM32G471VCT6, STM32G471VEH3, STM32G471VEH6, STM32G471VEI3, STM32G471VEI6, STM32G471VET3, STM32G471VET6, STM32G473QET3Z, STM32G473RET3Z, STM32G474CCT6, STM32G491RET3Z, STM32H503CBT6, STM32H503CBU6, STM32H503EBY6TR, STM32H503KBU6, STM32H503RBT6, STM32H523CCT6, STM32H523CCU6, STM32H523CET6, STM32H523CEU6, STM32H523HEY6TR, STM32H523RCT6, STM32H523RET6, STM32H523VCI6, STM32H523VCT6, STM32H523VEI6, STM32H523VET6, STM32H523ZCJ6, STM32H523ZCT6, STM32H523ZEJ6, STM32H523ZET6, STM32H533CET6, STM32H533CEU6, STM32H533HEY6TR, STM32H533RET6, STM32H533VEI6, STM32H533VET6, STM32H533ZEJ6, STM32H533ZET6, STM32H562AGI6, STM32H562AII6, STM32H562IGK6, STM32H562IGT6, STM32H562IIK6, STM32H562IIT6, STM32H562RGT6, STM32H562RGV6, STM32H562RIT6, STM32H562RIV6, STM32H562VGT6, STM32H562VIT6, STM32H562ZGT6, STM32H562ZIT6, STM32H563AGI6, STM32H563AII3Q, STM32H563AII6, STM32H563IGK6, STM32H563IGT6, STM32H563IIK3Q, STM32H563IIK6, STM32H563IIT3Q, STM32H563IIT6, STM32H563MIY3QTR, STM32H563RGT6, STM32H563RGV6, STM32H563RIT6, STM32H563RIV6, STM32H563VGT6, STM32H563VIT3Q, STM32H563VIT6, STM32H563ZGT6, STM32H563ZIT3Q, STM32H563ZIT6, STM32H573AII3Q, STM32H573AII6, STM32H573I-DK, STM32H573IIK3Q, STM32H573IIK6, STM32H573IIT3Q, STM32H573IIT6, STM32H573MIY3QTR, STM32H573RIT6, STM32H573RIV6, STM32H573VIT3Q, STM32H573VIT6, STM32H573ZIT3Q, STM32H573ZIT6, STM32H7R3A8I6, STM32H7R3I8K6, STM32H7R3I8T6, STM32H7R3L8H6, STM32H7R3L8H6H, STM32H7R3R8V6, STM32H7R3V8H6, STM32H7R3V8T6, STM32H7R3V8Y6TR, STM32H7R3Z8J6, STM32H7R3Z8T6, STM32H7R7A8I6, STM32H7R7I8K6, STM32H7R7I8T6, STM32H7R7L8H6, STM32H7R7L8H6H, STM32H7R7Z8J6, STM32H7S3A8I6, STM32H7S3I8K6, STM32H7S3I8T6, STM32H7S3L8H6, STM32H7S3L8H6H, STM32H7S3R8V6, STM32H7S3V8H6, STM32H7S3V8T6, STM32H7S3V8Y6TR, STM32H7S3Z8J6, STM32H7S3Z8T6, STM32H7S78-DK, STM32H7S7A8I6, STM32H7S7I8K6, STM32H7S7I8T6, STM32H7S7L8H6, STM32H7S7L8H6H, STM32H7S7Z8J6, STM32L4R5QGI6STR, STM32MP131AAE3, STM32MP131AAF3, STM32MP131AAG3, STM32MP131CAE3, STM32MP131CAF3, STM32MP131CAG3, STM32MP131DAE7, STM32MP131DAF7, STM32MP131DAG7, STM32MP131FAE7, STM32MP131FAF7, STM32MP131FAG7, STM32MP133AAE3, STM32MP133AAF3, STM32MP133AAG3, STM32MP133CAE3, STM32MP133CAF3, STM32MP133CAG3, STM32MP133DAE7, STM32MP133DAF7, STM32MP133DAG7, STM32MP133FAE7, STM32MP133FAF7, STM32MP133FAG7, STM32MP135AAE3, STM32MP135AAF3, STM32MP135AAG3, STM32MP135CAE3, STM32MP135CAF3, STM32MP135CAG3, STM32MP135DAE7, STM32MP135DAF7, STM32MP135DAG7, STM32MP135F-DK, STM32MP135FAE7, STM32MP135FAF7, STM32MP135FAF7T, STM32MP135FAF7U, STM32MP135FAG7, STM32MP251AAI3, STM32MP251AAK3, STM32MP251AAL3, STM32MP251CAI3, STM32MP251CAK3, STM32MP251CAL3, STM32MP251DAI3, STM32MP251DAK3, STM32MP251DAL3, STM32MP251FAI3, STM32MP251FAK3, STM32MP251FAL3, STM32MP253AAI3, STM32MP253AAK3, STM32MP253AAL3, STM32MP253CAI3, STM32MP253CAK3, STM32MP253CAL3, STM32MP253DAI3, STM32MP253DAK3, STM32MP253DAL3, STM32MP253FAI3, STM32MP253FAK3, STM32MP253FAL3, STM32MP255AAI3, STM32MP255AAK3, STM32MP255AAL3, STM32MP255CAI3, STM32MP255CAK3, STM32MP255CAL3, STM32MP255DAI3, STM32MP255DAK3, STM32MP255DAL3, STM32MP255FAI3, STM32MP255FAK3, STM32MP255FAL3, STM32MP257AAI3, STM32MP257AAK3, STM32MP257AAL3, STM32MP257CAI3, STM32MP257CAK3, STM32MP257CAL3, STM32MP257DAI3, STM32MP257DAK3, STM32MP257DAL3, STM32MP257F-DK, STM32MP257F-EV1, STM32MP257FAI3, STM32MP257FAK3, STM32MP257FAL3, STM32U031C6T6, STM32U031C6U6, STM32U031C8T6, STM32U031C8U6, STM32U031F4P6, STM32U031F6P6, STM32U031F8P6, STM32U031G6Y6TR, STM32U031G8Y6TR, STM32U031K4U6, STM32U031K6U6, STM32U031K8U6, STM32U031R6I6, STM32U031R6T6, STM32U031R8I6, STM32U031R8T6, STM32U073C8T6, STM32U073C8U6, STM32U073CBT6, STM32U073CBU6, STM32U073CCT6, STM32U073CCU6, STM32U073H8Y6TR, STM32U073HBY6TR, STM32U073HCY6TR, STM32U073K8U6, STM32U073KBU6, STM32U073KCU6, STM32U073M8I6, STM32U073M8T6, STM32U073MBI6, STM32U073MBT6, STM32U073MCI6, STM32U073MCT6, STM32U073R8I6, STM32U073R8T6, STM32U073RBI6, STM32U073RBT6, STM32U073RCI6, STM32U073RCT6, STM32U083C-DK, STM32U083CCT6, STM32U083CCU6, STM32U083HCY6TR, STM32U083KCU6, STM32U083MCI6, STM32U083MCT6, STM32U083RCI6, STM32U083RCT6, STM32U535CBT6, STM32U535CBT6Q, STM32U535CBU6, STM32U535CBU6Q, STM32U535CCT6, STM32U535CCT6Q, STM32U535CCU6, STM32U535CCU6Q, STM32U535CET6, STM32U535CET6Q, STM32U535CEU6, STM32U535CEU6Q, STM32U535JEY6QTR, STM32U535NCY6QTR, STM32U535NEY6QTR, STM32U535RBI6, STM32U535RBI6Q, STM32U535RBT6, STM32U535RBT6Q, STM32U535RCI6, STM32U535RCI6Q, STM32U535RCT6, STM32U535RCT6Q, STM32U535REI6, STM32U535REI6Q, STM32U535RET6, STM32U535RET6Q, STM32U535VCI6, STM32U535VCI6Q, STM32U535VCT6, STM32U535VCT6Q, STM32U535VEI6, STM32U535VEI6Q, STM32U535VET6, STM32U535VET6Q, STM32U545CET6, STM32U545CET6Q, STM32U545CEU6, STM32U545CEU6Q, STM32U545JEY6QTR, STM32U545NEY6QTR, STM32U545REI6, STM32U545REI6Q, STM32U545RET6, STM32U545RET6Q, STM32U545VEI6, STM32U545VEI6Q, STM32U545VET6, STM32U545VET6Q, STM32U595AIH6, STM32U595AIH6Q, STM32U595AJH6, STM32U595AJH6Q, STM32U595QII6, STM32U595QII6Q, STM32U595QJI6, STM32U595QJI6Q, STM32U595RIT6, STM32U595RIT6Q, STM32U595RJT6, STM32U595RJT6Q, STM32U595VIT6, STM32U595VIT6Q, STM32U595VJT6, STM32U595VJT6Q, STM32U595ZIT6, STM32U595ZIT6Q, STM32U595ZIY6QTR, STM32U595ZJT6, STM32U595ZJT6Q, STM32U595ZJY6QTR, STM32U599BJY6QTR, STM32U599NIH6Q, STM32U599NJH6Q, STM32U599VIT6Q, STM32U599VJT6, STM32U599VJT6Q, STM32U599ZIT6Q, STM32U599ZIY6QTR, STM32U599ZJT6Q, STM32U599ZJY6QTR, STM32U5A5AJH6, STM32U5A5AJH6Q, STM32U5A5QII3Q , STM32U5A5QJI6, STM32U5A5QJI6Q, STM32U5A5RJT6, STM32U5A5RJT6Q, STM32U5A5VJT6, STM32U5A5VJT6Q, STM32U5A5ZJT6, STM32U5A5ZJT6Q, STM32U5A5ZJY6QTR, STM32U5A9BJY6QTR, STM32U5A9J-DK, STM32U5A9NJH6Q, STM32U5A9VJT6Q, STM32U5A9ZJT6Q, STM32U5A9ZJY6QTR, STM32U5F7VIT6, STM32U5F7VIT6Q, STM32U5F7VJT6, STM32U5F7VJT6Q, STM32U5F9BJY6QTR, STM32U5F9NJH6Q, STM32U5F9VIT6Q, STM32U5F9VJT6Q, STM32U5F9ZIJ6QTR, STM32U5F9ZIT6Q, STM32U5F9ZJJ6QTR, STM32U5F9ZJT6Q, STM32U5G7VJT6, STM32U5G7VJT6Q, STM32U5G9BJY6QTR, STM32U5G9J-DK1, STM32U5G9J-DK2, STM32U5G9NJH6Q, STM32U5G9VJT6Q, STM32U5G9ZJJ6QTR, STM32U5G9ZJT6Q, STM32WB05KZV6TR, STM32WB05KZV7TR, STM32WB05TZF6TR, STM32WB05TZF7TR, STM32WB06CCF6TR, STM32WB06CCF7TR, STM32WB06CCV6TR, STM32WB06CCV7TR, STM32WB06KCV6TR, STM32WB06KCV7TR, STM32WB07CCF6TR, STM32WB07CCF7TR, STM32WB07CCV6TR, STM32WB07CCV7TR, STM32WB07KCV6TR, STM32WB07KCV7TR, STM32WB09KEV6TR, STM32WB09KEV7TR, STM32WB09TEF6TR, STM32WB09TEF7TR, STM32WB1MMCH6, STM32WBA50KGU6, STM32WBA50KGU6TR, STM32WBA52CEU6, STM32WBA52CEU6TR, STM32WBA52CEU7, STM32WBA52CEU7TR, STM32WBA52CGU6, STM32WBA52CGU6TR, STM32WBA52CGU6U, STM32WBA52CGU7, STM32WBA52CGU7TR, STM32WBA52KEU6, STM32WBA52KEU6TR, STM32WBA52KGU6, STM32WBA52KGU6TR, STM32WBA54CEU6, STM32WBA54CEU6TR, STM32WBA54CEU7, STM32WBA54CEU7TR, STM32WBA54CGU6, STM32WBA54CGU6TR, STM32WBA54CGU7, STM32WBA54CGU7TR, STM32WBA54KEU6, STM32WBA54KEU6TR, STM32WBA54KEU7, STM32WBA54KEU7TR, STM32WBA54KGU6, STM32WBA54KGU6TR, STM32WBA54KGU7, STM32WBA54KGU7TR, STM32WBA55CEU6, STM32WBA55CEU6TR, STM32WBA55CEU7, STM32WBA55CEU7TR, STM32WBA55CGU6, STM32WBA55CGU6TR, STM32WBA55CGU6U, STM32WBA55CGU7, STM32WBA55CGU7TR, STM32WBA55G-DK1, STM32WBA55HEF6, STM32WBA55HEF7, STM32WBA55HGF6, STM32WBA55HGF7, STM32WBA55UEI6, STM32WBA55UEI6TR, STM32WBA55UEI7, STM32WBA55UEI7TR, STM32WBA55UGI6, STM32WBA55UGI6TR, STM32WBA55UGI7, STM32WBA55UGI7TR, STM32WL5MOCH6, STM32WL5MOCH6TR]
2024-12-28 00:09:36,253 [INFO] BoardInfo:889 - No configuration file found for board NUCLEO-N657X0-Q
2024-12-28 00:09:36,254 [INFO] DbBoards:161 - Board is not supported: NUCLEO-N657X0-Q
2024-12-28 00:09:36,274 [INFO] BoardInfo:889 - No configuration file found for board P-NUCLEO-WB55
2024-12-28 00:09:36,274 [INFO] DbBoards:161 - Kit is not supported: P-NUCLEO-WB55
2024-12-28 00:09:36,279 [INFO] BoardInfo:889 - No configuration file found for board STEVAL-BFA001V1B
2024-12-28 00:09:36,279 [INFO] DbBoards:161 - Kit is not supported: STEVAL-BFA001V1B
2024-12-28 00:09:36,280 [INFO] BoardInfo:889 - No configuration file found for board STEVAL-BFA001V2B
2024-12-28 00:09:36,281 [INFO] DbBoards:161 - Kit is not supported: STEVAL-BFA001V2B
2024-12-28 00:09:36,443 [INFO] BoardInfo:889 - No configuration file found for board STM32N6570-DK
2024-12-28 00:09:36,443 [INFO] DbBoards:161 - Board is not supported: STM32N6570-DK
2024-12-28 00:09:36,454 [INFO] DbBoards:168 - Found 203 boards, 198 are supported
2024-12-28 00:09:36,454 [INFO] DbBoards:169 - Found 203 boards, 25 of them is supported for  Bsp
2024-12-28 00:09:36,491 [INFO] ApiDb:423 - Load user favorites file /home/sunbeam/.stm32cubeide/favorites.boards.txt: 1 item(s)
2024-12-28 00:09:36,492 [INFO] ApiDb:427 - User favorites Boards=[STM32F407G-DISC1]
2024-12-28 00:09:36,492 [INFO] DbBoards:198 - Set 1 / 1 favorites Boards
2024-12-28 00:09:36,495 [INFO] ApiDb:668 - CubeFinder database Data Model version=2.1
2024-12-28 00:09:36,495 [INFO] ApiDb:669 - CubeFinder database Configuration version=3.0.39
2024-12-28 00:09:36,495 [INFO] ApiDb:670 - CubeFinder database generation date=2024-12-10 (1733817889)
2024-12-28 00:09:36,495 [INFO] ApiDb:671 - CubeFinder database FW Pack versions=[FP-ATR-ASTRA1_V2.0.0, FP-SNS-FLIGHT1_V5.0.2, FP-SNS-MOTENV1_V5.0.0, FP-SNS-MOTENVWB1_V1.4.0, FP-SNS-SMARTAG2_V1.2.0, FP-SNS-STBOX1_V2.0.0, STM32Cube_FW_C0_V1.3.0, STM32Cube_FW_F4_V1.28.1, STM32Cube_FW_F7_V1.17.2, STM32Cube_FW_G0_V1.6.2, STM32Cube_FW_G4_V1.6.1, STM32Cube_FW_H5_V1.4.0, STM32Cube_FW_H7RS_V1.1.0, STM32Cube_FW_H7_V1.12.0, STM32Cube_FW_L0_V1.12.2, STM32Cube_FW_L4_V1.18.1, STM32Cube_FW_L5_V1.5.1, STM32Cube_FW_N6_V1.0.0, STM32Cube_FW_U0_V1.2.0, STM32Cube_FW_U3_V1.0.0, STM32Cube_FW_U5_V1.7.0, STM32Cube_FW_WB0_V1.1.0, STM32Cube_FW_WBA_V1.5.0, STM32Cube_FW_WB_V1.21.0, STM32Cube_FW_WL3_V1.0.0, STM32Cube_FW_WL_V1.3.0, X-CUBE-ALGOBUILD_V1.4.0, X-CUBE-ALS_V1.0.2, X-CUBE-AZRTOS-F4_V1.1.0, X-CUBE-AZRTOS-F7_V1.1.0, X-CUBE-AZRTOS-G0_V1.1.0, X-CUBE-AZRTOS-G4_V2.0.0, X-CUBE-AZRTOS-H7RS_V1.0.0, X-CUBE-AZRTOS-H7_V3.3.0, X-CUBE-AZRTOS-L4_V2.0.0, X-CUBE-AZRTOS-L5_V2.0.0, X-CUBE-AZRTOS-WB_V2.0.0, X-CUBE-AZRTOS-WL_V2.0.0, X-CUBE-BLE1_V7.0.0, X-CUBE-BLE2_V3.3.0, X-CUBE-BLEMGR_V3.1.0, X-CUBE-EEPRMA1_V5.1.0, X-CUBE-FREERTOS_V1.2.0, X-CUBE-GNSS1_V6.0.0, X-CUBE-MEMS1_V11.0.0, X-CUBE-NFC4_V3.0.0, X-CUBE-NFC7_V1.0.1, X-CUBE-SFXS2LP1_V4.0.0, X-CUBE-SUBG2_V5.0.0, X-CUBE-TOF1_V3.4.2]
2024-12-28 00:09:37,325 [ERROR] DbExamplesSqlite:437 - Missing JSON key: board_cpn
2024-12-28 00:09:37,325 [ERROR] DbExamplesSqlite:437 - Missing JSON key: board_cpn
2024-12-28 00:09:37,325 [ERROR] DbExamplesSqlite:437 - Missing JSON key: board_cpn
2024-12-28 00:09:37,326 [ERROR] DbExamplesSqlite:437 - Missing JSON key: board_cpn
2024-12-28 00:09:37,567 [ERROR] DbExamplesSqlite:437 - Missing JSON key: board_cpn
2024-12-28 00:09:37,568 [ERROR] DbExamplesSqlite:437 - Missing JSON key: board_cpn
2024-12-28 00:09:37,568 [ERROR] DbExamplesSqlite:437 - Missing JSON key: board_cpn
2024-12-28 00:09:37,568 [ERROR] DbExamplesSqlite:437 - Missing JSON key: board_cpn
2024-12-28 00:09:37,568 [ERROR] DbExamplesSqlite:437 - Missing JSON key: board_cpn
2024-12-28 00:09:37,568 [ERROR] DbExamplesSqlite:437 - Missing JSON key: board_cpn
2024-12-28 00:09:37,569 [ERROR] DbExamplesSqlite:437 - Missing JSON key: board_cpn
2024-12-28 00:09:37,569 [ERROR] DbExamplesSqlite:437 - Missing JSON key: board_cpn
2024-12-28 00:09:37,569 [ERROR] DbExamplesSqlite:437 - Missing JSON key: board_cpn
2024-12-28 00:09:37,756 [INFO] DbExamplesSqlite:395 - Ignored 77 examples not supported by CubeIDE
2024-12-28 00:09:37,756 [INFO] DbExamplesSqlite:396 - Found 10474 examples active
2024-12-28 00:09:37,756 [INFO] DbExamplesSqlite:397 - Found 0 examples obsolete
2024-12-28 00:09:37,757 [INFO] DbExamplesSqlite:398 - Found 0 examples under development
2024-12-28 00:09:37,757 [INFO] DbExamplesSqlite:399 - Found 43 examples not building
2024-12-28 00:09:37,759 [INFO] DbExamples:125 - Found 10440 examples
2024-12-28 00:09:38,067 [ERROR] DbExamples:208 - Found 551 examples with invalid data (board or MCU)
2024-12-28 00:09:38,067 [INFO] DbExamples:222 - Found 126 boards with related examples
2024-12-28 00:09:38,069 [INFO] DbExamples:235 - Found 106 MCUs with related examples
2024-12-28 00:09:38,096 [INFO] ApiDb:414 - User favorites file not found: /home/sunbeam/.stm32cubeide/favorites.examples.txt
2024-12-28 00:09:38,097 [INFO] DbExamples:250 - Set 0 / 0 favorites Examples
2024-12-28 00:09:44,986 [INFO] WebApp:448 - Apply proxy settings
2024-12-28 00:09:44,987 [INFO] WebApp:533 - Chromium requires no authentication
2024-12-28 00:09:45,122 [INFO] WebApp:476 - Direct internet connection detected
2024-12-28 00:09:45,433 [INFO] WebApp:869 - Register for checkConnection events
2024-12-28 00:09:45,434 [INFO] WebApp:448 - Apply proxy settings
2024-12-28 00:09:45,434 [INFO] WebApp:533 - Chromium requires no authentication
2024-12-28 00:09:45,435 [INFO] WebApp:476 - Direct internet connection detected
2024-12-28 00:09:47,710 [INFO] WebApp:220 - Starting web application
2024-12-28 00:09:47,710 [INFO] WebApp:578 - Web application path used /opt/st/stm32cubeide_1.16.0/plugins/com.st.stm32cube.common.mx_6.12.0.202406281431/db/plugins/mcufinder/reactClient1/index.html
2024-12-28 00:09:49,832 [INFO] UserAuth:417 - Internet connection configuration mode: 1
2024-12-28 00:09:52,266 [INFO] WebApp:186 - Connection restablished
2024-12-28 00:13:03,891 [INFO] WebApp:189 - Connection lost
2024-12-28 12:56:52,023 [INFO] WebApp:186 - Connection restablished
2024-12-28 12:56:53,956 [INFO] WebApp:189 - Connection lost
2024-12-28 12:56:54,286 [INFO] WebApp:186 - Connection restablished
2024-12-28 13:38:07,727 [INFO] WebApp:189 - Connection lost
